CRITICAL - 2023-03-27 01:51:09 --> Call to undefined function each()
in ROOTPATH\soap\zklib\zklib.php on line 90.
 1 ROOTPATH\soap\zklib\zkconnect.php(9): ZKLib->createHeader(1000, 0, 0, 65534, 'ROOTPATH\\public')
 2 ROOTPATH\soap\zklib\zklib.php(121): zkconnect(Object(ZKLib))
 3 APPPATH\Views\finger_device.php(40): ZKLib->connect()
 4 SYSTEMPATH\View\View.php(213): include('APPPATH\\Views\\finger_device.php')
 5 SYSTEMPATH\View\View.php(216): CodeIgniter\View\View->CodeIgniter\View\{closure}()
 6 SYSTEMPATH\Common.php(1184): CodeIgniter\View\View->render('finger_device', [], true)
 7 APPPATH\Controllers\Finger.php(46): view('finger_device', [...])
 8 SYSTEMPATH\CodeIgniter.php(934): App\Controllers\Finger->get_mesin('1')
 9 SYSTEMPATH\CodeIgniter.php(499): CodeIgniter\CodeIgniter->runController(Object(App\Controllers\Finger))
10 SYSTEMPATH\CodeIgniter.php(368): CodeIgniter\CodeIgniter->handleRequest(null, Object(Config\Cache), false)
11 FCPATH\index.php(67): CodeIgniter\CodeIgniter->run()
CRITICAL - 2023-03-27 01:55:12 --> Undefined array key 64535
in ROOTPATH\soap\zklib\zklib.php on line 92.
 1 ROOTPATH\soap\zklib\zklib.php(92): CodeIgniter\Debug\Exceptions->errorHandler(2, 'Undefined array key 64535', 'ROOTPATH\\soap\\zklib\\zklib.php', 92)
 2 ROOTPATH\soap\zklib\zkconnect.php(9): ZKLib->createHeader(1000, 0, 0, 65534, 'ROOTPATH\\public')
 3 ROOTPATH\soap\zklib\zklib.php(122): zkconnect(Object(ZKLib))
 4 APPPATH\Views\finger_device.php(40): ZKLib->connect()
 5 SYSTEMPATH\View\View.php(213): include('APPPATH\\Views\\finger_device.php')
 6 SYSTEMPATH\View\View.php(216): CodeIgniter\View\View->CodeIgniter\View\{closure}()
 7 SYSTEMPATH\Common.php(1184): CodeIgniter\View\View->render('finger_device', [], true)
 8 APPPATH\Controllers\Finger.php(46): view('finger_device', [...])
 9 SYSTEMPATH\CodeIgniter.php(934): App\Controllers\Finger->get_mesin('1')
10 SYSTEMPATH\CodeIgniter.php(499): CodeIgniter\CodeIgniter->runController(Object(App\Controllers\Finger))
11 SYSTEMPATH\CodeIgniter.php(368): CodeIgniter\CodeIgniter->handleRequest(null, Object(Config\Cache), false)
12 FCPATH\index.php(67): CodeIgniter\CodeIgniter->run()
CRITICAL - 2023-03-27 02:00:16 --> Call to undefined function TADPHP\Providers\each()
in ROOTPATH\soap\lib\Providers\TADZKLib.php on line 522.
 1 ROOTPATH\soap\lib\Providers\TADZKLib.php(318): TADPHP\Providers\TADZKLib->createHeader(1000, 0, 0, 65534, 'ROOTPATH\\public')
 2 ROOTPATH\soap\lib\Providers\TADZKLib.php(278): TADPHP\Providers\TADZKLib->connect()
 3 ROOTPATH\soap\lib\TAD.php(314): TADPHP\Providers\TADZKLib->__call('get_serial_number', [...])
 4 ROOTPATH\soap\lib\TAD.php(278): TADPHP\TAD->execute_command_via_zklib('get_serial_number', [])
 5 APPPATH\Views\finger_device.php(21): TADPHP\TAD->__call('get_serial_number', [])
 6 SYSTEMPATH\View\View.php(213): include('APPPATH\\Views\\finger_device.php')
 7 SYSTEMPATH\View\View.php(216): CodeIgniter\View\View->CodeIgniter\View\{closure}()
 8 SYSTEMPATH\Common.php(1184): CodeIgniter\View\View->render('finger_device', [], true)
 9 APPPATH\Controllers\Finger.php(46): view('finger_device', [...])
10 SYSTEMPATH\CodeIgniter.php(934): App\Controllers\Finger->get_mesin('1')
11 SYSTEMPATH\CodeIgniter.php(499): CodeIgniter\CodeIgniter->runController(Object(App\Controllers\Finger))
12 SYSTEMPATH\CodeIgniter.php(368): CodeIgniter\CodeIgniter->handleRequest(null, Object(Config\Cache), false)
13 FCPATH\index.php(67): CodeIgniter\CodeIgniter->run()
CRITICAL - 2023-03-27 02:00:28 --> Call to undefined function TADPHP\Providers\each()
in ROOTPATH\soap\lib\Providers\TADZKLib.php on line 522.
 1 ROOTPATH\soap\lib\Providers\TADZKLib.php(318): TADPHP\Providers\TADZKLib->createHeader(1000, 0, 0, 65534, 'ROOTPATH\\public')
 2 ROOTPATH\soap\lib\Providers\TADZKLib.php(278): TADPHP\Providers\TADZKLib->connect()
 3 ROOTPATH\soap\lib\TAD.php(314): TADPHP\Providers\TADZKLib->__call('get_serial_number', [...])
 4 ROOTPATH\soap\lib\TAD.php(278): TADPHP\TAD->execute_command_via_zklib('get_serial_number', [])
 5 APPPATH\Views\finger_device.php(21): TADPHP\TAD->__call('get_serial_number', [])
 6 SYSTEMPATH\View\View.php(213): include('APPPATH\\Views\\finger_device.php')
 7 SYSTEMPATH\View\View.php(216): CodeIgniter\View\View->CodeIgniter\View\{closure}()
 8 SYSTEMPATH\Common.php(1184): CodeIgniter\View\View->render('finger_device', [], true)
 9 APPPATH\Controllers\Finger.php(46): view('finger_device', [...])
10 SYSTEMPATH\CodeIgniter.php(934): App\Controllers\Finger->get_mesin('2')
11 SYSTEMPATH\CodeIgniter.php(499): CodeIgniter\CodeIgniter->runController(Object(App\Controllers\Finger))
12 SYSTEMPATH\CodeIgniter.php(368): CodeIgniter\CodeIgniter->handleRequest(null, Object(Config\Cache), false)
13 FCPATH\index.php(67): CodeIgniter\CodeIgniter->run()
CRITICAL - 2023-03-27 02:03:08 --> Call to undefined function TADPHP\Providers\each()
in ROOTPATH\soap\lib\Providers\TADZKLib.php on line 522.
 1 ROOTPATH\soap\lib\Providers\TADZKLib.php(318): TADPHP\Providers\TADZKLib->createHeader(1000, 0, 0, 65534, 'ROOTPATH\\public')
 2 ROOTPATH\soap\lib\Providers\TADZKLib.php(278): TADPHP\Providers\TADZKLib->connect()
 3 ROOTPATH\soap\lib\TAD.php(314): TADPHP\Providers\TADZKLib->__call('get_serial_number', [...])
 4 ROOTPATH\soap\lib\TAD.php(278): TADPHP\TAD->execute_command_via_zklib('get_serial_number', [])
 5 APPPATH\Views\finger_device.php(21): TADPHP\TAD->__call('get_serial_number', [])
 6 SYSTEMPATH\View\View.php(213): include('APPPATH\\Views\\finger_device.php')
 7 SYSTEMPATH\View\View.php(216): CodeIgniter\View\View->CodeIgniter\View\{closure}()
 8 SYSTEMPATH\Common.php(1184): CodeIgniter\View\View->render('finger_device', [], true)
 9 APPPATH\Controllers\Finger.php(46): view('finger_device', [...])
10 SYSTEMPATH\CodeIgniter.php(934): App\Controllers\Finger->get_mesin('2')
11 SYSTEMPATH\CodeIgniter.php(499): CodeIgniter\CodeIgniter->runController(Object(App\Controllers\Finger))
12 SYSTEMPATH\CodeIgniter.php(368): CodeIgniter\CodeIgniter->handleRequest(null, Object(Config\Cache), false)
13 FCPATH\index.php(67): CodeIgniter\CodeIgniter->run()
CRITICAL - 2023-03-27 02:03:09 --> Call to undefined function TADPHP\Providers\each()
in ROOTPATH\soap\lib\Providers\TADZKLib.php on line 522.
 1 ROOTPATH\soap\lib\Providers\TADZKLib.php(318): TADPHP\Providers\TADZKLib->createHeader(1000, 0, 0, 65534, 'ROOTPATH\\public')
 2 ROOTPATH\soap\lib\Providers\TADZKLib.php(278): TADPHP\Providers\TADZKLib->connect()
 3 ROOTPATH\soap\lib\TAD.php(314): TADPHP\Providers\TADZKLib->__call('get_serial_number', [...])
 4 ROOTPATH\soap\lib\TAD.php(278): TADPHP\TAD->execute_command_via_zklib('get_serial_number', [])
 5 APPPATH\Views\finger_device.php(21): TADPHP\TAD->__call('get_serial_number', [])
 6 SYSTEMPATH\View\View.php(213): include('APPPATH\\Views\\finger_device.php')
 7 SYSTEMPATH\View\View.php(216): CodeIgniter\View\View->CodeIgniter\View\{closure}()
 8 SYSTEMPATH\Common.php(1184): CodeIgniter\View\View->render('finger_device', [], true)
 9 APPPATH\Controllers\Finger.php(46): view('finger_device', [...])
10 SYSTEMPATH\CodeIgniter.php(934): App\Controllers\Finger->get_mesin('2')
11 SYSTEMPATH\CodeIgniter.php(499): CodeIgniter\CodeIgniter->runController(Object(App\Controllers\Finger))
12 SYSTEMPATH\CodeIgniter.php(368): CodeIgniter\CodeIgniter->handleRequest(null, Object(Config\Cache), false)
13 FCPATH\index.php(67): CodeIgniter\CodeIgniter->run()
CRITICAL - 2023-03-27 02:06:08 --> Call to undefined function TADPHP\Providers\each()
in ROOTPATH\soap\lib\Providers\TADZKLib.php on line 522.
 1 ROOTPATH\soap\lib\Providers\TADZKLib.php(318): TADPHP\Providers\TADZKLib->createHeader(1000, 0, 0, 65534, 'ROOTPATH\\public')
 2 ROOTPATH\soap\lib\Providers\TADZKLib.php(278): TADPHP\Providers\TADZKLib->connect()
 3 ROOTPATH\soap\lib\TAD.php(314): TADPHP\Providers\TADZKLib->__call('get_serial_number', [...])
 4 ROOTPATH\soap\lib\TAD.php(278): TADPHP\TAD->execute_command_via_zklib('get_serial_number', [])
 5 APPPATH\Views\finger_device.php(21): TADPHP\TAD->__call('get_serial_number', [])
 6 SYSTEMPATH\View\View.php(213): include('APPPATH\\Views\\finger_device.php')
 7 SYSTEMPATH\View\View.php(216): CodeIgniter\View\View->CodeIgniter\View\{closure}()
 8 SYSTEMPATH\Common.php(1184): CodeIgniter\View\View->render('finger_device', [], true)
 9 APPPATH\Controllers\Finger.php(46): view('finger_device', [...])
10 SYSTEMPATH\CodeIgniter.php(934): App\Controllers\Finger->get_mesin('2')
11 SYSTEMPATH\CodeIgniter.php(499): CodeIgniter\CodeIgniter->runController(Object(App\Controllers\Finger))
12 SYSTEMPATH\CodeIgniter.php(368): CodeIgniter\CodeIgniter->handleRequest(null, Object(Config\Cache), false)
13 FCPATH\index.php(67): CodeIgniter\CodeIgniter->run()
CRITICAL - 2023-03-27 02:06:10 --> Call to undefined function TADPHP\Providers\each()
in ROOTPATH\soap\lib\Providers\TADZKLib.php on line 522.
 1 ROOTPATH\soap\lib\Providers\TADZKLib.php(318): TADPHP\Providers\TADZKLib->createHeader(1000, 0, 0, 65534, 'ROOTPATH\\public')
 2 ROOTPATH\soap\lib\Providers\TADZKLib.php(278): TADPHP\Providers\TADZKLib->connect()
 3 ROOTPATH\soap\lib\TAD.php(314): TADPHP\Providers\TADZKLib->__call('get_serial_number', [...])
 4 ROOTPATH\soap\lib\TAD.php(278): TADPHP\TAD->execute_command_via_zklib('get_serial_number', [])
 5 APPPATH\Views\finger_device.php(21): TADPHP\TAD->__call('get_serial_number', [])
 6 SYSTEMPATH\View\View.php(213): include('APPPATH\\Views\\finger_device.php')
 7 SYSTEMPATH\View\View.php(216): CodeIgniter\View\View->CodeIgniter\View\{closure}()
 8 SYSTEMPATH\Common.php(1184): CodeIgniter\View\View->render('finger_device', [], true)
 9 APPPATH\Controllers\Finger.php(46): view('finger_device', [...])
10 SYSTEMPATH\CodeIgniter.php(934): App\Controllers\Finger->get_mesin('2')
11 SYSTEMPATH\CodeIgniter.php(499): CodeIgniter\CodeIgniter->runController(Object(App\Controllers\Finger))
12 SYSTEMPATH\CodeIgniter.php(368): CodeIgniter\CodeIgniter->handleRequest(null, Object(Config\Cache), false)
13 FCPATH\index.php(67): CodeIgniter\CodeIgniter->run()
CRITICAL - 2023-03-27 02:07:07 --> Call to undefined function TADPHP\Providers\each()
in ROOTPATH\soap\lib\Providers\TADZKLib.php on line 522.
 1 ROOTPATH\soap\lib\Providers\TADZKLib.php(318): TADPHP\Providers\TADZKLib->createHeader(1000, 0, 0, 65534, 'ROOTPATH\\public')
 2 ROOTPATH\soap\lib\Providers\TADZKLib.php(278): TADPHP\Providers\TADZKLib->connect()
 3 ROOTPATH\soap\lib\TAD.php(314): TADPHP\Providers\TADZKLib->__call('get_serial_number', [...])
 4 ROOTPATH\soap\lib\TAD.php(278): TADPHP\TAD->execute_command_via_zklib('get_serial_number', [])
 5 APPPATH\Views\finger_device.php(21): TADPHP\TAD->__call('get_serial_number', [])
 6 SYSTEMPATH\View\View.php(213): include('APPPATH\\Views\\finger_device.php')
 7 SYSTEMPATH\View\View.php(216): CodeIgniter\View\View->CodeIgniter\View\{closure}()
 8 SYSTEMPATH\Common.php(1184): CodeIgniter\View\View->render('finger_device', [], true)
 9 APPPATH\Controllers\Finger.php(46): view('finger_device', [...])
10 SYSTEMPATH\CodeIgniter.php(934): App\Controllers\Finger->get_mesin('2')
11 SYSTEMPATH\CodeIgniter.php(499): CodeIgniter\CodeIgniter->runController(Object(App\Controllers\Finger))
12 SYSTEMPATH\CodeIgniter.php(368): CodeIgniter\CodeIgniter->handleRequest(null, Object(Config\Cache), false)
13 FCPATH\index.php(67): CodeIgniter\CodeIgniter->run()
CRITICAL - 2023-03-27 02:07:35 --> Call to undefined function TADPHP\Providers\each()
in ROOTPATH\soap\lib\Providers\TADZKLib.php on line 522.
 1 ROOTPATH\soap\lib\Providers\TADZKLib.php(318): TADPHP\Providers\TADZKLib->createHeader(1000, 0, 0, 65534, 'ROOTPATH\\public')
 2 ROOTPATH\soap\lib\Providers\TADZKLib.php(278): TADPHP\Providers\TADZKLib->connect()
 3 ROOTPATH\soap\lib\TAD.php(314): TADPHP\Providers\TADZKLib->__call('get_serial_number', [...])
 4 ROOTPATH\soap\lib\TAD.php(278): TADPHP\TAD->execute_command_via_zklib('get_serial_number', [])
 5 APPPATH\Views\finger_device.php(21): TADPHP\TAD->__call('get_serial_number', [])
 6 SYSTEMPATH\View\View.php(213): include('APPPATH\\Views\\finger_device.php')
 7 SYSTEMPATH\View\View.php(216): CodeIgniter\View\View->CodeIgniter\View\{closure}()
 8 SYSTEMPATH\Common.php(1184): CodeIgniter\View\View->render('finger_device', [], true)
 9 APPPATH\Controllers\Finger.php(46): view('finger_device', [...])
10 SYSTEMPATH\CodeIgniter.php(934): App\Controllers\Finger->get_mesin('2')
11 SYSTEMPATH\CodeIgniter.php(499): CodeIgniter\CodeIgniter->runController(Object(App\Controllers\Finger))
12 SYSTEMPATH\CodeIgniter.php(368): CodeIgniter\CodeIgniter->handleRequest(null, Object(Config\Cache), false)
13 FCPATH\index.php(67): CodeIgniter\CodeIgniter->run()
CRITICAL - 2023-03-27 02:07:41 --> Call to undefined function TADPHP\Providers\each()
in ROOTPATH\soap\lib\Providers\TADZKLib.php on line 522.
 1 ROOTPATH\soap\lib\Providers\TADZKLib.php(318): TADPHP\Providers\TADZKLib->createHeader(1000, 0, 0, 65534, 'ROOTPATH\\public')
 2 ROOTPATH\soap\lib\Providers\TADZKLib.php(278): TADPHP\Providers\TADZKLib->connect()
 3 ROOTPATH\soap\lib\TAD.php(314): TADPHP\Providers\TADZKLib->__call('get_serial_number', [...])
 4 ROOTPATH\soap\lib\TAD.php(278): TADPHP\TAD->execute_command_via_zklib('get_serial_number', [])
 5 APPPATH\Views\finger_device.php(21): TADPHP\TAD->__call('get_serial_number', [])
 6 SYSTEMPATH\View\View.php(213): include('APPPATH\\Views\\finger_device.php')
 7 SYSTEMPATH\View\View.php(216): CodeIgniter\View\View->CodeIgniter\View\{closure}()
 8 SYSTEMPATH\Common.php(1184): CodeIgniter\View\View->render('finger_device', [], true)
 9 APPPATH\Controllers\Finger.php(46): view('finger_device', [...])
10 SYSTEMPATH\CodeIgniter.php(934): App\Controllers\Finger->get_mesin('4')
11 SYSTEMPATH\CodeIgniter.php(499): CodeIgniter\CodeIgniter->runController(Object(App\Controllers\Finger))
12 SYSTEMPATH\CodeIgniter.php(368): CodeIgniter\CodeIgniter->handleRequest(null, Object(Config\Cache), false)
13 FCPATH\index.php(67): CodeIgniter\CodeIgniter->run()
CRITICAL - 2023-03-27 02:21:02 --> Call to undefined function each()
in ROOTPATH\soap\zklib\zklib.php on line 90.
 1 ROOTPATH\soap\zklib\zkconnect.php(9): ZKLib->createHeader(1000, 0, 0, 65534, 'ROOTPATH\\public')
 2 ROOTPATH\soap\zklib\zklib.php(121): zkconnect(Object(ZKLib))
 3 APPPATH\Views\finger_device.php(40): ZKLib->connect()
 4 SYSTEMPATH\View\View.php(213): include('APPPATH\\Views\\finger_device.php')
 5 SYSTEMPATH\View\View.php(216): CodeIgniter\View\View->CodeIgniter\View\{closure}()
 6 SYSTEMPATH\Common.php(1184): CodeIgniter\View\View->render('finger_device', [], true)
 7 APPPATH\Controllers\Finger.php(46): view('finger_device', [...])
 8 SYSTEMPATH\CodeIgniter.php(934): App\Controllers\Finger->get_mesin('1')
 9 SYSTEMPATH\CodeIgniter.php(499): CodeIgniter\CodeIgniter->runController(Object(App\Controllers\Finger))
10 SYSTEMPATH\CodeIgniter.php(368): CodeIgniter\CodeIgniter->handleRequest(null, Object(Config\Cache), false)
11 FCPATH\index.php(67): CodeIgniter\CodeIgniter->run()
CRITICAL - 2023-03-27 02:22:23 --> Undefined variable $ip
in APPPATH\Views\finger_device.php on line 56.
 1 APPPATH\Views\finger_device.php(56): CodeIgniter\Debug\Exceptions->errorHandler(2, 'Undefined variable $ip', 'APPPATH\\Views\\finger_device.php', 56)
 2 SYSTEMPATH\View\View.php(213): include('APPPATH\\Views\\finger_device.php')
 3 SYSTEMPATH\View\View.php(216): CodeIgniter\View\View->CodeIgniter\View\{closure}()
 4 SYSTEMPATH\Common.php(1184): CodeIgniter\View\View->render('finger_device', [], true)
 5 APPPATH\Controllers\Finger.php(46): view('finger_device', [...])
 6 SYSTEMPATH\CodeIgniter.php(934): App\Controllers\Finger->get_mesin('1')
 7 SYSTEMPATH\CodeIgniter.php(499): CodeIgniter\CodeIgniter->runController(Object(App\Controllers\Finger))
 8 SYSTEMPATH\CodeIgniter.php(368): CodeIgniter\CodeIgniter->handleRequest(null, Object(Config\Cache), false)
 9 FCPATH\index.php(67): CodeIgniter\CodeIgniter->run()
CRITICAL - 2023-03-27 02:23:00 --> Call to undefined method ZKLib::getPlatform()
in APPPATH\Views\finger_device.php on line 51.
 1 SYSTEMPATH\View\View.php(213): include()
 2 SYSTEMPATH\View\View.php(216): CodeIgniter\View\View->CodeIgniter\View\{closure}()
 3 SYSTEMPATH\Common.php(1184): CodeIgniter\View\View->render('finger_device', [], true)
 4 APPPATH\Controllers\Finger.php(46): view('finger_device', [...])
 5 SYSTEMPATH\CodeIgniter.php(934): App\Controllers\Finger->get_mesin('2')
 6 SYSTEMPATH\CodeIgniter.php(499): CodeIgniter\CodeIgniter->runController(Object(App\Controllers\Finger))
 7 SYSTEMPATH\CodeIgniter.php(368): CodeIgniter\CodeIgniter->handleRequest(null, Object(Config\Cache), false)
 8 FCPATH\index.php(67): CodeIgniter\CodeIgniter->run()
