INFO - 2023-07-27 01:58:52 --> CSRF token verified.
CRITICAL - 2023-07-27 01:58:53 --> fputcsv(): Argument #2 ($fields) must be of type array, string given
in APPPATH\Controllers\Finger.php on line 94.
 1 APPPATH\Controllers\Finger.php(94): fputcsv(resource (stream), '11703')
 2 SYSTEMPATH\CodeIgniter.php(934): App\Controllers\Finger->get_log()
 3 SYSTEMPATH\CodeIgniter.php(499): CodeIgniter\CodeIgniter->runController(Object(App\Controllers\Finger))
 4 SYSTEMPATH\CodeIgniter.php(368): CodeIgniter\CodeIgniter->handleRequest(null, Object(Config\Cache), false)
 5 FCPATH\index.php(67): CodeIgniter\CodeIgniter->run()
CRITICAL - 2023-07-27 01:58:53 --> Uncaught CodeIgniter\Format\Exceptions\FormatException: Failed to parse JSON string. Error: Type is not supported in E:\Azzam\xampp\htdocs\sisdm\system\Format\JSONFormatter.php:41
Stack trace:
#0 E:\Azzam\xampp\htdocs\sisdm\system\Format\JSONFormatter.php(41): CodeIgniter\Format\Exceptions\FormatException::forInvalidJSON('Type is not sup...')
#1 E:\Azzam\xampp\htdocs\sisdm\system\API\ResponseTrait.php(346): CodeIgniter\Format\JSONFormatter->format(Array)
#2 E:\Azzam\xampp\htdocs\sisdm\system\API\ResponseTrait.php(99): CodeIgniter\Debug\Exceptions->format(Array)
#3 E:\Azzam\xampp\htdocs\sisdm\system\Debug\Exceptions.php(145): CodeIgniter\Debug\Exceptions->respond(Array, 500)
#4 [internal function]: CodeIgniter\Debug\Exceptions->exceptionHandler(Object(TypeError))
#5 {main}
  thrown
【Previous Exception】
TypeError
fputcsv(): Argument #2 ($fields) must be of type array, string given
#0 E:\Azzam\xampp\htdocs\sisdm\app\Controllers\Finger.php(94): fputcsv(Resource id #176, '11703')
#1 E:\Azzam\xampp\htdocs\sisdm\system\CodeIgniter.php(934): App\Controllers\Finger->get_log()
#2 E:\Azzam\xampp\htdocs\sisdm\system\CodeIgniter.php(499): CodeIgniter\CodeIgniter->runController(Object(App\Controllers\Finger))
#3 E:\Azzam\xampp\htdocs\sisdm\system\CodeIgniter.php(368): CodeIgniter\CodeIgniter->handleRequest(NULL, Object(Config\Cache), false)
#4 E:\Azzam\xampp\htdocs\sisdm\public\index.php(67): CodeIgniter\CodeIgniter->run()
#5 {main}
in SYSTEMPATH\Format\JSONFormatter.php on line 41.
 1 [internal function]: CodeIgniter\Debug\Exceptions->shutdownHandler()
