CRITICAL - 2023-03-21 07:05:12 --> Too few arguments to function App\Controllers\Finger::get_mesin(), 0 passed in E:\Azzam\xampp\htdocs\sisdm\system\CodeIgniter.php on line 934 and exactly 1 expected
in APPPATH\Controllers\Finger.php on line 25.
 1 SYSTEMPATH\CodeIgniter.php(934): App\Controllers\Finger->get_mesin()
 2 SYSTEMPATH\CodeIgniter.php(499): CodeIgniter\CodeIgniter->runController(Object(App\Controllers\Finger))
 3 SYSTEMPATH\CodeIgniter.php(368): CodeIgniter\CodeIgniter->handleRequest(null, Object(Config\Cache), false)
 4 FCPATH\index.php(67): CodeIgniter\CodeIgniter->run()
CRITICAL - 2023-03-21 07:15:36 --> Dotenv\Dotenv::create(): Argument #1 ($repository) must be of type Dotenv\Repository\RepositoryInterface, string given, called in E:\Azzam\xampp\htdocs\sisdm\app\Views\finger_device.php on line 11
in VENDORPATH\vlucas\phpdotenv\src\Dotenv.php on line 83.
 1 APPPATH\Views\finger_device.php(11): Dotenv\Dotenv::create('APPPATH\\Views')
 2 SYSTEMPATH\View\View.php(213): include('APPPATH\\Views\\finger_device.php')
 3 SYSTEMPATH\View\View.php(216): CodeIgniter\View\View->CodeIgniter\View\{closure}()
 4 SYSTEMPATH\Common.php(1184): CodeIgniter\View\View->render('finger_device', [], true)
 5 APPPATH\Controllers\Finger.php(37): view('finger_device', [...])
 6 SYSTEMPATH\CodeIgniter.php(934): App\Controllers\Finger->get_mesin('finger', 'get_mesin', '1')
 7 SYSTEMPATH\CodeIgniter.php(499): CodeIgniter\CodeIgniter->runController(Object(App\Controllers\Finger))
 8 SYSTEMPATH\CodeIgniter.php(368): CodeIgniter\CodeIgniter->handleRequest(null, Object(Config\Cache), false)
 9 FCPATH\index.php(67): CodeIgniter\CodeIgniter->run()
WARNING - 2023-03-21 08:08:35 --> [DEPRECATED] strpos(): Passing null to parameter #1 ($haystack) of type string is deprecated in ROOTPATH\soap\lib\TADResponse.php on line 367.
 1 ROOTPATH\soap\lib\TADResponse.php(367): strpos(null, '?>')
 2 ROOTPATH\soap\lib\TADResponse.php(67): TADPHP\TADResponse->extract_xml_header(null)
 3 ROOTPATH\soap\lib\Providers\TADSoap.php(112): TADPHP\TADResponse->__construct(null, 'iso8859-1')
 4 ROOTPATH\soap\lib\TAD.php(297): TADPHP\Providers\TADSoap->execute_soap_command('get_user_info', [...], 'iso8859-1')
 5 ROOTPATH\soap\lib\TAD.php(276): TADPHP\TAD->execute_command_via_tad_soap('get_user_info', [])
 6 APPPATH\Views\finger_device.php(19): TADPHP\TAD->__call('get_user_info', [])
 7 SYSTEMPATH\View\View.php(213): include('APPPATH\\Views\\finger_device.php')
 8 SYSTEMPATH\View\View.php(216): CodeIgniter\View\View->CodeIgniter\View\{closure}()
 9 SYSTEMPATH\Common.php(1184): CodeIgniter\View\View->render('finger_device', [], true)
10 APPPATH\Controllers\Finger.php(46): view('finger_device', [...])
11 SYSTEMPATH\CodeIgniter.php(934): App\Controllers\Finger->get_mesin('4')
12 SYSTEMPATH\CodeIgniter.php(499): CodeIgniter\CodeIgniter->runController(Object(App\Controllers\Finger))
13 SYSTEMPATH\CodeIgniter.php(368): CodeIgniter\CodeIgniter->handleRequest(null, Object(Config\Cache), false)
14 FCPATH\index.php(67): CodeIgniter\CodeIgniter->run()
WARNING - 2023-03-21 08:08:35 --> [DEPRECATED] str_replace(): Passing null to parameter #3 ($subject) of type array|string is deprecated in ROOTPATH\soap\lib\TADResponse.php on line 405.
 1 ROOTPATH\soap\lib\TADResponse.php(405): str_replace([...], 'ROOTPATH\\public', null)
 2 ROOTPATH\soap\lib\TADResponse.php(374): TADPHP\TADResponse->sanitize_xml_string(null)
 3 ROOTPATH\soap\lib\TADResponse.php(67): TADPHP\TADResponse->extract_xml_header(null)
 4 ROOTPATH\soap\lib\Providers\TADSoap.php(112): TADPHP\TADResponse->__construct(null, 'iso8859-1')
 5 ROOTPATH\soap\lib\TAD.php(297): TADPHP\Providers\TADSoap->execute_soap_command('get_user_info', [...], 'iso8859-1')
 6 ROOTPATH\soap\lib\TAD.php(276): TADPHP\TAD->execute_command_via_tad_soap('get_user_info', [])
 7 APPPATH\Views\finger_device.php(19): TADPHP\TAD->__call('get_user_info', [])
 8 SYSTEMPATH\View\View.php(213): include('APPPATH\\Views\\finger_device.php')
 9 SYSTEMPATH\View\View.php(216): CodeIgniter\View\View->CodeIgniter\View\{closure}()
10 SYSTEMPATH\Common.php(1184): CodeIgniter\View\View->render('finger_device', [], true)
11 APPPATH\Controllers\Finger.php(46): view('finger_device', [...])
12 SYSTEMPATH\CodeIgniter.php(934): App\Controllers\Finger->get_mesin('4')
13 SYSTEMPATH\CodeIgniter.php(499): CodeIgniter\CodeIgniter->runController(Object(App\Controllers\Finger))
14 SYSTEMPATH\CodeIgniter.php(368): CodeIgniter\CodeIgniter->handleRequest(null, Object(Config\Cache), false)
15 FCPATH\index.php(67): CodeIgniter\CodeIgniter->run()
CRITICAL - 2023-03-21 08:14:36 --> String could not be parsed as XML
in ROOTPATH\soap\lib\TADResponse.php on line 466.
 1 ROOTPATH\soap\lib\TADResponse.php(466): SimpleXMLElement->__construct('<GetCombinationResponse><Row><Combin1>10000</Combin><Combin2></Combin><Combin3>NULL</Combin><Combin4>NULL</Combin><Combin5>NULL</Combin><Combin6>NULL</Combin><Combin7>NULL</Combin><Combin8>NULL</Combin><Combin9>NULL</Combin><Combin10>NULL</Combin></Row></GetCombinationResponse>')
 2 ROOTPATH\soap\lib\TADResponse.php(450): TADPHP\TADResponse->get_items_number('<GetCombinationResponse><Row><Combin1>10000</Combin><Combin2></Combin><Combin3>NULL</Combin><Combin4>NULL</Combin><Combin5>NULL</Combin><Combin6>NULL</Combin><Combin7>NULL</Combin><Combin8>NULL</Combin><Combin9>NULL</Combin><Combin10>NULL</Combin></Row></GetCombinationResponse>')
 3 ROOTPATH\soap\lib\TADResponse.php(99): TADPHP\TADResponse->is_there_no_data('<GetCombinationResponse><Row><Combin1>10000</Combin><Combin2></Combin><Combin3>NULL</Combin><Combin4>NULL</Combin><Combin5>NULL</Combin><Combin6>NULL</Combin><Combin7>NULL</Combin><Combin8>NULL</Combin><Combin9>NULL</Combin><Combin10>NULL</Combin></Row></GetCombinationResponse>')
 4 ROOTPATH\soap\lib\TADResponse.php(74): TADPHP\TADResponse->set_response('<GetCombinationResponse><Row><Combin1>10000</Combin><Combin2></Combin><Combin3>NULL</Combin><Combin4>NULL</Combin><Combin5>NULL</Combin><Combin6>NULL</Combin><Combin7>NULL</Combin><Combin8>NULL</Combin><Combin9>NULL</Combin><Combin10>NULL</Combin></Row></GetCombinationResponse>')
 5 ROOTPATH\soap\lib\Providers\TADSoap.php(112): TADPHP\TADResponse->__construct('<GetCombinationResponse><Row><Combin1>10000</Combin><Combin2></Combin><Combin3>NULL</Combin><Combin4>NULL</Combin><Combin5>NULL</Combin><Combin6>NULL</Combin><Combin7>NULL</Combin><Combin8>NULL</Combin><Combin9>NULL</Combin><Combin10>NULL</Combin></Row></GetCombinationResponse>', 'iso8859-1')
 6 ROOTPATH\soap\lib\TAD.php(297): TADPHP\Providers\TADSoap->execute_soap_command('get_combination', [...], 'iso8859-1')
 7 ROOTPATH\soap\lib\TAD.php(276): TADPHP\TAD->execute_command_via_tad_soap('get_combination', [])
 8 APPPATH\Views\finger_device.php(19): TADPHP\TAD->__call('get_combination', [])
 9 SYSTEMPATH\View\View.php(213): include('APPPATH\\Views\\finger_device.php')
10 SYSTEMPATH\View\View.php(216): CodeIgniter\View\View->CodeIgniter\View\{closure}()
11 SYSTEMPATH\Common.php(1184): CodeIgniter\View\View->render('finger_device', [], true)
12 APPPATH\Controllers\Finger.php(46): view('finger_device', [...])
13 SYSTEMPATH\CodeIgniter.php(934): App\Controllers\Finger->get_mesin('2')
14 SYSTEMPATH\CodeIgniter.php(499): CodeIgniter\CodeIgniter->runController(Object(App\Controllers\Finger))
15 SYSTEMPATH\CodeIgniter.php(368): CodeIgniter\CodeIgniter->handleRequest(null, Object(Config\Cache), false)
16 FCPATH\index.php(67): CodeIgniter\CodeIgniter->run()
CRITICAL - 2023-03-21 08:18:30 --> Call to undefined function TADPHP\Providers\each()
in ROOTPATH\soap\lib\Providers\TADZKLib.php on line 522.
 1 ROOTPATH\soap\lib\Providers\TADZKLib.php(318): TADPHP\Providers\TADZKLib->createHeader(1000, 0, 0, 65534, 'ROOTPATH\\public')
 2 ROOTPATH\soap\lib\Providers\TADZKLib.php(278): TADPHP\Providers\TADZKLib->connect()
 3 ROOTPATH\soap\lib\TAD.php(314): TADPHP\Providers\TADZKLib->__call('get_serial_number', [...])
 4 ROOTPATH\soap\lib\TAD.php(278): TADPHP\TAD->execute_command_via_zklib('get_serial_number', [])
 5 APPPATH\Views\finger_device.php(19): TADPHP\TAD->__call('get_serial_number', [])
 6 SYSTEMPATH\View\View.php(213): include('APPPATH\\Views\\finger_device.php')
 7 SYSTEMPATH\View\View.php(216): CodeIgniter\View\View->CodeIgniter\View\{closure}()
 8 SYSTEMPATH\Common.php(1184): CodeIgniter\View\View->render('finger_device', [], true)
 9 APPPATH\Controllers\Finger.php(46): view('finger_device', [...])
10 SYSTEMPATH\CodeIgniter.php(934): App\Controllers\Finger->get_mesin('1')
11 SYSTEMPATH\CodeIgniter.php(499): CodeIgniter\CodeIgniter->runController(Object(App\Controllers\Finger))
12 SYSTEMPATH\CodeIgniter.php(368): CodeIgniter\CodeIgniter->handleRequest(null, Object(Config\Cache), false)
13 FCPATH\index.php(67): CodeIgniter\CodeIgniter->run()
