INFO - 2023-08-04 02:32:20 --> CSRF token verified.
CRITICAL - 2023-08-04 09:32:21 --> Array to string conversion
in APPPATH\Controllers\Finger.php on line 143.
 1 [internal function]: CodeIgniter\Debug\Exceptions->errorHandler(2, 'Array to string conversion', 'APPPATH\\Controllers\\Finger.php', 143)
 2 APPPATH\Controllers\Finger.php(143): fputcsv(resource (stream), [...])
 3 SYSTEMPATH\CodeIgniter.php(934): App\Controllers\Finger->get_finger()
 4 SYSTEMPATH\CodeIgniter.php(499): CodeIgniter\CodeIgniter->runController(Object(App\Controllers\Finger))
 5 SYSTEMPATH\CodeIgniter.php(368): CodeIgniter\CodeIgniter->handleRequest(null, Object(Config\Cache), false)
 6 FCPATH\index.php(67): CodeIgniter\CodeIgniter->run()
CRITICAL - 2023-08-04 09:32:21 --> Uncaught CodeIgniter\Format\Exceptions\FormatException: Failed to parse JSON string. Error: Type is not supported in E:\Azzam\xampp\htdocs\sifinger\system\Format\JSONFormatter.php:41
Stack trace:
#0 E:\Azzam\xampp\htdocs\sifinger\system\Format\JSONFormatter.php(41): CodeIgniter\Format\Exceptions\FormatException::forInvalidJSON('Type is not sup...')
#1 E:\Azzam\xampp\htdocs\sifinger\system\API\ResponseTrait.php(346): CodeIgniter\Format\JSONFormatter->format(Array)
#2 E:\Azzam\xampp\htdocs\sifinger\system\API\ResponseTrait.php(99): CodeIgniter\Debug\Exceptions->format(Array)
#3 E:\Azzam\xampp\htdocs\sifinger\system\Debug\Exceptions.php(145): CodeIgniter\Debug\Exceptions->respond(Array, 500)
#4 [internal function]: CodeIgniter\Debug\Exceptions->exceptionHandler(Object(ErrorException))
#5 {main}
  thrown
【Previous Exception】
ErrorException
Array to string conversion
#0 [internal function]: CodeIgniter\Debug\Exceptions->errorHandler(2, 'Array to string...', 'E:\\Azzam\\xampp\\...', 143)
#1 E:\Azzam\xampp\htdocs\sifinger\app\Controllers\Finger.php(143): fputcsv(Resource id #176, Array)
#2 E:\Azzam\xampp\htdocs\sifinger\system\CodeIgniter.php(934): App\Controllers\Finger->get_finger()
#3 E:\Azzam\xampp\htdocs\sifinger\system\CodeIgniter.php(499): CodeIgniter\CodeIgniter->runController(Object(App\Controllers\Finger))
#4 E:\Azzam\xampp\htdocs\sifinger\system\CodeIgniter.php(368): CodeIgniter\CodeIgniter->handleRequest(NULL, Object(Config\Cache), false)
#5 E:\Azzam\xampp\htdocs\sifinger\public\index.php(67): CodeIgniter\CodeIgniter->run()
#6 {main}
in SYSTEMPATH\Format\JSONFormatter.php on line 41.
 1 [internal function]: CodeIgniter\Debug\Exceptions->shutdownHandler()
INFO - 2023-08-04 02:45:45 --> CSRF token verified.
CRITICAL - 2023-08-04 09:45:45 --> Array to string conversion
in APPPATH\Controllers\Finger.php on line 143.
 1 [internal function]: CodeIgniter\Debug\Exceptions->errorHandler(2, 'Array to string conversion', 'APPPATH\\Controllers\\Finger.php', 143)
 2 APPPATH\Controllers\Finger.php(143): fputcsv(resource (stream), [...])
 3 SYSTEMPATH\CodeIgniter.php(934): App\Controllers\Finger->get_finger()
 4 SYSTEMPATH\CodeIgniter.php(499): CodeIgniter\CodeIgniter->runController(Object(App\Controllers\Finger))
 5 SYSTEMPATH\CodeIgniter.php(368): CodeIgniter\CodeIgniter->handleRequest(null, Object(Config\Cache), false)
 6 FCPATH\index.php(67): CodeIgniter\CodeIgniter->run()
CRITICAL - 2023-08-04 09:45:45 --> Uncaught CodeIgniter\Format\Exceptions\FormatException: Failed to parse JSON string. Error: Type is not supported in E:\Azzam\xampp\htdocs\sifinger\system\Format\JSONFormatter.php:41
Stack trace:
#0 E:\Azzam\xampp\htdocs\sifinger\system\Format\JSONFormatter.php(41): CodeIgniter\Format\Exceptions\FormatException::forInvalidJSON('Type is not sup...')
#1 E:\Azzam\xampp\htdocs\sifinger\system\API\ResponseTrait.php(346): CodeIgniter\Format\JSONFormatter->format(Array)
#2 E:\Azzam\xampp\htdocs\sifinger\system\API\ResponseTrait.php(99): CodeIgniter\Debug\Exceptions->format(Array)
#3 E:\Azzam\xampp\htdocs\sifinger\system\Debug\Exceptions.php(145): CodeIgniter\Debug\Exceptions->respond(Array, 500)
#4 [internal function]: CodeIgniter\Debug\Exceptions->exceptionHandler(Object(ErrorException))
#5 {main}
  thrown
【Previous Exception】
ErrorException
Array to string conversion
#0 [internal function]: CodeIgniter\Debug\Exceptions->errorHandler(2, 'Array to string...', 'E:\\Azzam\\xampp\\...', 143)
#1 E:\Azzam\xampp\htdocs\sifinger\app\Controllers\Finger.php(143): fputcsv(Resource id #176, Array)
#2 E:\Azzam\xampp\htdocs\sifinger\system\CodeIgniter.php(934): App\Controllers\Finger->get_finger()
#3 E:\Azzam\xampp\htdocs\sifinger\system\CodeIgniter.php(499): CodeIgniter\CodeIgniter->runController(Object(App\Controllers\Finger))
#4 E:\Azzam\xampp\htdocs\sifinger\system\CodeIgniter.php(368): CodeIgniter\CodeIgniter->handleRequest(NULL, Object(Config\Cache), false)
#5 E:\Azzam\xampp\htdocs\sifinger\public\index.php(67): CodeIgniter\CodeIgniter->run()
#6 {main}
in SYSTEMPATH\Format\JSONFormatter.php on line 41.
 1 [internal function]: CodeIgniter\Debug\Exceptions->shutdownHandler()
INFO - 2023-08-04 02:47:22 --> CSRF token verified.
CRITICAL - 2023-08-04 09:47:22 --> Array to string conversion
in APPPATH\Controllers\Finger.php on line 143.
 1 [internal function]: CodeIgniter\Debug\Exceptions->errorHandler(2, 'Array to string conversion', 'APPPATH\\Controllers\\Finger.php', 143)
 2 APPPATH\Controllers\Finger.php(143): fputcsv(resource (stream), [...])
 3 SYSTEMPATH\CodeIgniter.php(934): App\Controllers\Finger->get_finger()
 4 SYSTEMPATH\CodeIgniter.php(499): CodeIgniter\CodeIgniter->runController(Object(App\Controllers\Finger))
 5 SYSTEMPATH\CodeIgniter.php(368): CodeIgniter\CodeIgniter->handleRequest(null, Object(Config\Cache), false)
 6 FCPATH\index.php(67): CodeIgniter\CodeIgniter->run()
CRITICAL - 2023-08-04 09:47:22 --> Uncaught CodeIgniter\Format\Exceptions\FormatException: Failed to parse JSON string. Error: Type is not supported in E:\Azzam\xampp\htdocs\sifinger\system\Format\JSONFormatter.php:41
Stack trace:
#0 E:\Azzam\xampp\htdocs\sifinger\system\Format\JSONFormatter.php(41): CodeIgniter\Format\Exceptions\FormatException::forInvalidJSON('Type is not sup...')
#1 E:\Azzam\xampp\htdocs\sifinger\system\API\ResponseTrait.php(346): CodeIgniter\Format\JSONFormatter->format(Array)
#2 E:\Azzam\xampp\htdocs\sifinger\system\API\ResponseTrait.php(99): CodeIgniter\Debug\Exceptions->format(Array)
#3 E:\Azzam\xampp\htdocs\sifinger\system\Debug\Exceptions.php(145): CodeIgniter\Debug\Exceptions->respond(Array, 500)
#4 [internal function]: CodeIgniter\Debug\Exceptions->exceptionHandler(Object(ErrorException))
#5 {main}
  thrown
【Previous Exception】
ErrorException
Array to string conversion
#0 [internal function]: CodeIgniter\Debug\Exceptions->errorHandler(2, 'Array to string...', 'E:\\Azzam\\xampp\\...', 143)
#1 E:\Azzam\xampp\htdocs\sifinger\app\Controllers\Finger.php(143): fputcsv(Resource id #176, Array)
#2 E:\Azzam\xampp\htdocs\sifinger\system\CodeIgniter.php(934): App\Controllers\Finger->get_finger()
#3 E:\Azzam\xampp\htdocs\sifinger\system\CodeIgniter.php(499): CodeIgniter\CodeIgniter->runController(Object(App\Controllers\Finger))
#4 E:\Azzam\xampp\htdocs\sifinger\system\CodeIgniter.php(368): CodeIgniter\CodeIgniter->handleRequest(NULL, Object(Config\Cache), false)
#5 E:\Azzam\xampp\htdocs\sifinger\public\index.php(67): CodeIgniter\CodeIgniter->run()
#6 {main}
in SYSTEMPATH\Format\JSONFormatter.php on line 41.
 1 [internal function]: CodeIgniter\Debug\Exceptions->shutdownHandler()
INFO - 2023-08-04 02:50:56 --> CSRF token verified.
CRITICAL - 2023-08-04 09:50:56 --> Array to string conversion
in APPPATH\Controllers\Finger.php on line 143.
 1 [internal function]: CodeIgniter\Debug\Exceptions->errorHandler(2, 'Array to string conversion', 'APPPATH\\Controllers\\Finger.php', 143)
 2 APPPATH\Controllers\Finger.php(143): fputcsv(resource (stream), [...])
 3 SYSTEMPATH\CodeIgniter.php(934): App\Controllers\Finger->get_finger()
 4 SYSTEMPATH\CodeIgniter.php(499): CodeIgniter\CodeIgniter->runController(Object(App\Controllers\Finger))
 5 SYSTEMPATH\CodeIgniter.php(368): CodeIgniter\CodeIgniter->handleRequest(null, Object(Config\Cache), false)
 6 FCPATH\index.php(67): CodeIgniter\CodeIgniter->run()
CRITICAL - 2023-08-04 09:50:56 --> Uncaught CodeIgniter\Format\Exceptions\FormatException: Failed to parse JSON string. Error: Type is not supported in E:\Azzam\xampp\htdocs\sifinger\system\Format\JSONFormatter.php:41
Stack trace:
#0 E:\Azzam\xampp\htdocs\sifinger\system\Format\JSONFormatter.php(41): CodeIgniter\Format\Exceptions\FormatException::forInvalidJSON('Type is not sup...')
#1 E:\Azzam\xampp\htdocs\sifinger\system\API\ResponseTrait.php(346): CodeIgniter\Format\JSONFormatter->format(Array)
#2 E:\Azzam\xampp\htdocs\sifinger\system\API\ResponseTrait.php(99): CodeIgniter\Debug\Exceptions->format(Array)
#3 E:\Azzam\xampp\htdocs\sifinger\system\Debug\Exceptions.php(145): CodeIgniter\Debug\Exceptions->respond(Array, 500)
#4 [internal function]: CodeIgniter\Debug\Exceptions->exceptionHandler(Object(ErrorException))
#5 {main}
  thrown
【Previous Exception】
ErrorException
Array to string conversion
#0 [internal function]: CodeIgniter\Debug\Exceptions->errorHandler(2, 'Array to string...', 'E:\\Azzam\\xampp\\...', 143)
#1 E:\Azzam\xampp\htdocs\sifinger\app\Controllers\Finger.php(143): fputcsv(Resource id #176, Array)
#2 E:\Azzam\xampp\htdocs\sifinger\system\CodeIgniter.php(934): App\Controllers\Finger->get_finger()
#3 E:\Azzam\xampp\htdocs\sifinger\system\CodeIgniter.php(499): CodeIgniter\CodeIgniter->runController(Object(App\Controllers\Finger))
#4 E:\Azzam\xampp\htdocs\sifinger\system\CodeIgniter.php(368): CodeIgniter\CodeIgniter->handleRequest(NULL, Object(Config\Cache), false)
#5 E:\Azzam\xampp\htdocs\sifinger\public\index.php(67): CodeIgniter\CodeIgniter->run()
#6 {main}
in SYSTEMPATH\Format\JSONFormatter.php on line 41.
 1 [internal function]: CodeIgniter\Debug\Exceptions->shutdownHandler()
INFO - 2023-08-04 02:53:12 --> CSRF token verified.
INFO - 2023-08-04 02:54:38 --> CSRF token verified.
CRITICAL - 2023-08-04 09:54:38 --> Array to string conversion
in APPPATH\Controllers\Finger.php on line 150.
 1 [internal function]: CodeIgniter\Debug\Exceptions->errorHandler(2, 'Array to string conversion', 'APPPATH\\Controllers\\Finger.php', 150)
 2 APPPATH\Controllers\Finger.php(150): fputcsv(resource (stream), [...])
 3 SYSTEMPATH\CodeIgniter.php(934): App\Controllers\Finger->get_finger()
 4 SYSTEMPATH\CodeIgniter.php(499): CodeIgniter\CodeIgniter->runController(Object(App\Controllers\Finger))
 5 SYSTEMPATH\CodeIgniter.php(368): CodeIgniter\CodeIgniter->handleRequest(null, Object(Config\Cache), false)
 6 FCPATH\index.php(67): CodeIgniter\CodeIgniter->run()
CRITICAL - 2023-08-04 09:54:38 --> Uncaught CodeIgniter\Format\Exceptions\FormatException: Failed to parse JSON string. Error: Type is not supported in E:\Azzam\xampp\htdocs\sifinger\system\Format\JSONFormatter.php:41
Stack trace:
#0 E:\Azzam\xampp\htdocs\sifinger\system\Format\JSONFormatter.php(41): CodeIgniter\Format\Exceptions\FormatException::forInvalidJSON('Type is not sup...')
#1 E:\Azzam\xampp\htdocs\sifinger\system\API\ResponseTrait.php(346): CodeIgniter\Format\JSONFormatter->format(Array)
#2 E:\Azzam\xampp\htdocs\sifinger\system\API\ResponseTrait.php(99): CodeIgniter\Debug\Exceptions->format(Array)
#3 E:\Azzam\xampp\htdocs\sifinger\system\Debug\Exceptions.php(145): CodeIgniter\Debug\Exceptions->respond(Array, 500)
#4 [internal function]: CodeIgniter\Debug\Exceptions->exceptionHandler(Object(ErrorException))
#5 {main}
  thrown
【Previous Exception】
ErrorException
Array to string conversion
#0 [internal function]: CodeIgniter\Debug\Exceptions->errorHandler(2, 'Array to string...', 'E:\\Azzam\\xampp\\...', 150)
#1 E:\Azzam\xampp\htdocs\sifinger\app\Controllers\Finger.php(150): fputcsv(Resource id #176, Array)
#2 E:\Azzam\xampp\htdocs\sifinger\system\CodeIgniter.php(934): App\Controllers\Finger->get_finger()
#3 E:\Azzam\xampp\htdocs\sifinger\system\CodeIgniter.php(499): CodeIgniter\CodeIgniter->runController(Object(App\Controllers\Finger))
#4 E:\Azzam\xampp\htdocs\sifinger\system\CodeIgniter.php(368): CodeIgniter\CodeIgniter->handleRequest(NULL, Object(Config\Cache), false)
#5 E:\Azzam\xampp\htdocs\sifinger\public\index.php(67): CodeIgniter\CodeIgniter->run()
#6 {main}
in SYSTEMPATH\Format\JSONFormatter.php on line 41.
 1 [internal function]: CodeIgniter\Debug\Exceptions->shutdownHandler()
INFO - 2023-08-04 02:57:48 --> CSRF token verified.
INFO - 2023-08-04 03:03:22 --> CSRF token verified.
CRITICAL - 2023-08-04 10:03:22 --> Array to string conversion
in APPPATH\Controllers\Finger.php on line 150.
 1 [internal function]: CodeIgniter\Debug\Exceptions->errorHandler(2, 'Array to string conversion', 'APPPATH\\Controllers\\Finger.php', 150)
 2 APPPATH\Controllers\Finger.php(150): fputcsv(resource (stream), [...])
 3 SYSTEMPATH\CodeIgniter.php(934): App\Controllers\Finger->get_finger()
 4 SYSTEMPATH\CodeIgniter.php(499): CodeIgniter\CodeIgniter->runController(Object(App\Controllers\Finger))
 5 SYSTEMPATH\CodeIgniter.php(368): CodeIgniter\CodeIgniter->handleRequest(null, Object(Config\Cache), false)
 6 FCPATH\index.php(67): CodeIgniter\CodeIgniter->run()
CRITICAL - 2023-08-04 10:03:22 --> Uncaught CodeIgniter\Format\Exceptions\FormatException: Failed to parse JSON string. Error: Type is not supported in E:\Azzam\xampp\htdocs\sifinger\system\Format\JSONFormatter.php:41
Stack trace:
#0 E:\Azzam\xampp\htdocs\sifinger\system\Format\JSONFormatter.php(41): CodeIgniter\Format\Exceptions\FormatException::forInvalidJSON('Type is not sup...')
#1 E:\Azzam\xampp\htdocs\sifinger\system\API\ResponseTrait.php(346): CodeIgniter\Format\JSONFormatter->format(Array)
#2 E:\Azzam\xampp\htdocs\sifinger\system\API\ResponseTrait.php(99): CodeIgniter\Debug\Exceptions->format(Array)
#3 E:\Azzam\xampp\htdocs\sifinger\system\Debug\Exceptions.php(145): CodeIgniter\Debug\Exceptions->respond(Array, 500)
#4 [internal function]: CodeIgniter\Debug\Exceptions->exceptionHandler(Object(ErrorException))
#5 {main}
  thrown
【Previous Exception】
ErrorException
Array to string conversion
#0 [internal function]: CodeIgniter\Debug\Exceptions->errorHandler(2, 'Array to string...', 'E:\\Azzam\\xampp\\...', 150)
#1 E:\Azzam\xampp\htdocs\sifinger\app\Controllers\Finger.php(150): fputcsv(Resource id #176, Array)
#2 E:\Azzam\xampp\htdocs\sifinger\system\CodeIgniter.php(934): App\Controllers\Finger->get_finger()
#3 E:\Azzam\xampp\htdocs\sifinger\system\CodeIgniter.php(499): CodeIgniter\CodeIgniter->runController(Object(App\Controllers\Finger))
#4 E:\Azzam\xampp\htdocs\sifinger\system\CodeIgniter.php(368): CodeIgniter\CodeIgniter->handleRequest(NULL, Object(Config\Cache), false)
#5 E:\Azzam\xampp\htdocs\sifinger\public\index.php(67): CodeIgniter\CodeIgniter->run()
#6 {main}
in SYSTEMPATH\Format\JSONFormatter.php on line 41.
 1 [internal function]: CodeIgniter\Debug\Exceptions->shutdownHandler()
INFO - 2023-08-04 03:04:04 --> CSRF token verified.
CRITICAL - 2023-08-04 10:04:05 --> Trying to access array offset on value of type null
in APPPATH\Controllers\Finger.php on line 142.
 1 APPPATH\Controllers\Finger.php(142): CodeIgniter\Debug\Exceptions->errorHandler(2, 'Trying to access array offset on value of type null', 'APPPATH\\Controllers\\Finger.php', 142)
 2 SYSTEMPATH\CodeIgniter.php(934): App\Controllers\Finger->get_finger()
 3 SYSTEMPATH\CodeIgniter.php(499): CodeIgniter\CodeIgniter->runController(Object(App\Controllers\Finger))
 4 SYSTEMPATH\CodeIgniter.php(368): CodeIgniter\CodeIgniter->handleRequest(null, Object(Config\Cache), false)
 5 FCPATH\index.php(67): CodeIgniter\CodeIgniter->run()
INFO - 2023-08-04 03:07:35 --> CSRF token verified.
CRITICAL - 2023-08-04 10:07:35 --> json_decode(): Argument #1 ($json) must be of type string, array given
in APPPATH\Controllers\Finger.php on line 137.
 1 APPPATH\Controllers\Finger.php(137): json_decode([...], true)
 2 SYSTEMPATH\CodeIgniter.php(934): App\Controllers\Finger->get_finger()
 3 SYSTEMPATH\CodeIgniter.php(499): CodeIgniter\CodeIgniter->runController(Object(App\Controllers\Finger))
 4 SYSTEMPATH\CodeIgniter.php(368): CodeIgniter\CodeIgniter->handleRequest(null, Object(Config\Cache), false)
 5 FCPATH\index.php(67): CodeIgniter\CodeIgniter->run()
INFO - 2023-08-04 03:08:45 --> CSRF token verified.
CRITICAL - 2023-08-04 10:08:45 --> json_decode(): Argument #1 ($json) must be of type string, array given
in APPPATH\Controllers\Finger.php on line 137.
 1 APPPATH\Controllers\Finger.php(137): json_decode([...], true)
 2 SYSTEMPATH\CodeIgniter.php(934): App\Controllers\Finger->get_finger()
 3 SYSTEMPATH\CodeIgniter.php(499): CodeIgniter\CodeIgniter->runController(Object(App\Controllers\Finger))
 4 SYSTEMPATH\CodeIgniter.php(368): CodeIgniter\CodeIgniter->handleRequest(null, Object(Config\Cache), false)
 5 FCPATH\index.php(67): CodeIgniter\CodeIgniter->run()
INFO - 2023-08-04 03:09:43 --> CSRF token verified.
CRITICAL - 2023-08-04 10:09:43 --> Array to string conversion
in APPPATH\Controllers\Finger.php on line 149.
 1 [internal function]: CodeIgniter\Debug\Exceptions->errorHandler(2, 'Array to string conversion', 'APPPATH\\Controllers\\Finger.php', 149)
 2 APPPATH\Controllers\Finger.php(149): fputcsv(resource (stream), [...])
 3 SYSTEMPATH\CodeIgniter.php(934): App\Controllers\Finger->get_finger()
 4 SYSTEMPATH\CodeIgniter.php(499): CodeIgniter\CodeIgniter->runController(Object(App\Controllers\Finger))
 5 SYSTEMPATH\CodeIgniter.php(368): CodeIgniter\CodeIgniter->handleRequest(null, Object(Config\Cache), false)
 6 FCPATH\index.php(67): CodeIgniter\CodeIgniter->run()
CRITICAL - 2023-08-04 10:09:43 --> Uncaught CodeIgniter\Format\Exceptions\FormatException: Failed to parse JSON string. Error: Type is not supported in E:\Azzam\xampp\htdocs\sifinger\system\Format\JSONFormatter.php:41
Stack trace:
#0 E:\Azzam\xampp\htdocs\sifinger\system\Format\JSONFormatter.php(41): CodeIgniter\Format\Exceptions\FormatException::forInvalidJSON('Type is not sup...')
#1 E:\Azzam\xampp\htdocs\sifinger\system\API\ResponseTrait.php(346): CodeIgniter\Format\JSONFormatter->format(Array)
#2 E:\Azzam\xampp\htdocs\sifinger\system\API\ResponseTrait.php(99): CodeIgniter\Debug\Exceptions->format(Array)
#3 E:\Azzam\xampp\htdocs\sifinger\system\Debug\Exceptions.php(145): CodeIgniter\Debug\Exceptions->respond(Array, 500)
#4 [internal function]: CodeIgniter\Debug\Exceptions->exceptionHandler(Object(ErrorException))
#5 {main}
  thrown
【Previous Exception】
ErrorException
Array to string conversion
#0 [internal function]: CodeIgniter\Debug\Exceptions->errorHandler(2, 'Array to string...', 'E:\\Azzam\\xampp\\...', 149)
#1 E:\Azzam\xampp\htdocs\sifinger\app\Controllers\Finger.php(149): fputcsv(Resource id #176, Array)
#2 E:\Azzam\xampp\htdocs\sifinger\system\CodeIgniter.php(934): App\Controllers\Finger->get_finger()
#3 E:\Azzam\xampp\htdocs\sifinger\system\CodeIgniter.php(499): CodeIgniter\CodeIgniter->runController(Object(App\Controllers\Finger))
#4 E:\Azzam\xampp\htdocs\sifinger\system\CodeIgniter.php(368): CodeIgniter\CodeIgniter->handleRequest(NULL, Object(Config\Cache), false)
#5 E:\Azzam\xampp\htdocs\sifinger\public\index.php(67): CodeIgniter\CodeIgniter->run()
#6 {main}
in SYSTEMPATH\Format\JSONFormatter.php on line 41.
 1 [internal function]: CodeIgniter\Debug\Exceptions->shutdownHandler()
CRITICAL - 2023-08-04 03:35:35 --> Undefined array key "pin"
in APPPATH\Views\coba_mesin.php on line 143.
 1 APPPATH\Views\coba_mesin.php(143): CodeIgniter\Debug\Exceptions->errorHandler(2, 'Undefined array key "pin"', 'APPPATH\\Views\\coba_mesin.php', 143)
 2 SYSTEMPATH\View\View.php(213): include('APPPATH\\Views\\coba_mesin.php')
 3 SYSTEMPATH\View\View.php(216): CodeIgniter\View\View->CodeIgniter\View\{closure}()
 4 SYSTEMPATH\Common.php(1184): CodeIgniter\View\View->render('coba_mesin', [], true)
 5 APPPATH\Controllers\Home.php(16): view('coba_mesin', [...])
 6 SYSTEMPATH\CodeIgniter.php(934): App\Controllers\Home->index()
 7 SYSTEMPATH\CodeIgniter.php(499): CodeIgniter\CodeIgniter->runController(Object(App\Controllers\Home))
 8 SYSTEMPATH\CodeIgniter.php(368): CodeIgniter\CodeIgniter->handleRequest(null, Object(Config\Cache), false)
 9 FCPATH\index.php(67): CodeIgniter\CodeIgniter->run()
CRITICAL - 2023-08-04 03:36:12 --> Array to string conversion
in APPPATH\Views\coba_mesin.php on line 142.
 1 APPPATH\Views\coba_mesin.php(142): CodeIgniter\Debug\Exceptions->errorHandler(2, 'Array to string conversion', 'APPPATH\\Views\\coba_mesin.php', 142)
 2 SYSTEMPATH\View\View.php(213): include('APPPATH\\Views\\coba_mesin.php')
 3 SYSTEMPATH\View\View.php(216): CodeIgniter\View\View->CodeIgniter\View\{closure}()
 4 SYSTEMPATH\Common.php(1184): CodeIgniter\View\View->render('coba_mesin', [], true)
 5 APPPATH\Controllers\Home.php(16): view('coba_mesin', [...])
 6 SYSTEMPATH\CodeIgniter.php(934): App\Controllers\Home->index()
 7 SYSTEMPATH\CodeIgniter.php(499): CodeIgniter\CodeIgniter->runController(Object(App\Controllers\Home))
 8 SYSTEMPATH\CodeIgniter.php(368): CodeIgniter\CodeIgniter->handleRequest(null, Object(Config\Cache), false)
 9 FCPATH\index.php(67): CodeIgniter\CodeIgniter->run()
