CRITICAL - 2023-03-28 01:35:59 --> syntax error, unexpected token "use"
in APPPATH\Views\coba_mesin.php on line 173.
 1 SYSTEMPATH\View\View.php(216): CodeIgniter\View\View->CodeIgniter\View\{closure}()
 2 SYSTEMPATH\Common.php(1184): CodeIgniter\View\View->render('coba_mesin', [], true)
 3 APPPATH\Controllers\Home.php(16): view('coba_mesin', [...])
 4 SYSTEMPATH\CodeIgniter.php(934): App\Controllers\Home->index()
 5 SYSTEMPATH\CodeIgniter.php(499): CodeIgniter\CodeIgniter->runController(Object(App\Controllers\Home))
 6 SYSTEMPATH\CodeIgniter.php(368): CodeIgniter\CodeIgniter->handleRequest(null, Object(Config\Cache), false)
 7 FCPATH\index.php(67): CodeIgniter\CodeIgniter->run()
CRITICAL - 2023-03-28 04:11:40 --> Undefined property: CodeIgniter\View\View::$security
in APPPATH\Views\coba_mesin.php on line 214.
 1 APPPATH\Views\coba_mesin.php(214): CodeIgniter\Debug\Exceptions->errorHandler(2, 'Undefined property: CodeIgniter\\View\\View::$security', 'APPPATH\\Views\\coba_mesin.php', 214)
 2 SYSTEMPATH\View\View.php(213): include('APPPATH\\Views\\coba_mesin.php')
 3 SYSTEMPATH\View\View.php(216): CodeIgniter\View\View->CodeIgniter\View\{closure}()
 4 SYSTEMPATH\Common.php(1184): CodeIgniter\View\View->render('coba_mesin', [], true)
 5 APPPATH\Controllers\Home.php(16): view('coba_mesin', [...])
 6 SYSTEMPATH\CodeIgniter.php(934): App\Controllers\Home->index()
 7 SYSTEMPATH\CodeIgniter.php(499): CodeIgniter\CodeIgniter->runController(Object(App\Controllers\Home))
 8 SYSTEMPATH\CodeIgniter.php(368): CodeIgniter\CodeIgniter->handleRequest(null, Object(Config\Cache), false)
 9 FCPATH\index.php(67): CodeIgniter\CodeIgniter->run()
CRITICAL - 2023-03-28 04:19:53 --> Undefined property: CodeIgniter\View\View::$security
in APPPATH\Views\coba_mesin.php on line 214.
 1 APPPATH\Views\coba_mesin.php(214): CodeIgniter\Debug\Exceptions->errorHandler(2, 'Undefined property: CodeIgniter\\View\\View::$security', 'APPPATH\\Views\\coba_mesin.php', 214)
 2 SYSTEMPATH\View\View.php(213): include('APPPATH\\Views\\coba_mesin.php')
 3 SYSTEMPATH\View\View.php(216): CodeIgniter\View\View->CodeIgniter\View\{closure}()
 4 SYSTEMPATH\Common.php(1184): CodeIgniter\View\View->render('coba_mesin', [], true)
 5 APPPATH\Controllers\Home.php(16): view('coba_mesin', [...])
 6 SYSTEMPATH\CodeIgniter.php(934): App\Controllers\Home->index()
 7 SYSTEMPATH\CodeIgniter.php(499): CodeIgniter\CodeIgniter->runController(Object(App\Controllers\Home))
 8 SYSTEMPATH\CodeIgniter.php(368): CodeIgniter\CodeIgniter->handleRequest(null, Object(Config\Cache), false)
 9 FCPATH\index.php(67): CodeIgniter\CodeIgniter->run()
CRITICAL - 2023-03-28 04:21:34 --> Undefined property: CodeIgniter\View\View::$security
in APPPATH\Views\coba_mesin.php on line 214.
 1 APPPATH\Views\coba_mesin.php(214): CodeIgniter\Debug\Exceptions->errorHandler(2, 'Undefined property: CodeIgniter\\View\\View::$security', 'APPPATH\\Views\\coba_mesin.php', 214)
 2 SYSTEMPATH\View\View.php(213): include('APPPATH\\Views\\coba_mesin.php')
 3 SYSTEMPATH\View\View.php(216): CodeIgniter\View\View->CodeIgniter\View\{closure}()
 4 SYSTEMPATH\Common.php(1184): CodeIgniter\View\View->render('coba_mesin', [], true)
 5 APPPATH\Controllers\Home.php(16): view('coba_mesin', [...])
 6 SYSTEMPATH\CodeIgniter.php(934): App\Controllers\Home->index()
 7 SYSTEMPATH\CodeIgniter.php(499): CodeIgniter\CodeIgniter->runController(Object(App\Controllers\Home))
 8 SYSTEMPATH\CodeIgniter.php(368): CodeIgniter\CodeIgniter->handleRequest(null, Object(Config\Cache), false)
 9 FCPATH\index.php(67): CodeIgniter\CodeIgniter->run()
INFO - 2023-03-28 04:35:29 --> CSRF token verified.
CRITICAL - 2023-03-28 04:35:30 --> Trying to access array offset on value of type null
in APPPATH\Views\finger_device.php on line 18.
 1 APPPATH\Views\finger_device.php(18): CodeIgniter\Debug\Exceptions->errorHandler(2, 'Trying to access array offset on value of type null', 'APPPATH\\Views\\finger_device.php', 18)
 2 SYSTEMPATH\View\View.php(213): include('APPPATH\\Views\\finger_device.php')
 3 SYSTEMPATH\View\View.php(216): CodeIgniter\View\View->CodeIgniter\View\{closure}()
 4 SYSTEMPATH\Common.php(1184): CodeIgniter\View\View->render('finger_device', [], true)
 5 APPPATH\Controllers\Finger.php(46): view('finger_device', [...])
 6 SYSTEMPATH\CodeIgniter.php(934): App\Controllers\Finger->get_mesin('FCPATH\\adminlte', 'plugins', 'overlayScrollbars', 'css', 'OverlayScrollbars.min.css')
 7 SYSTEMPATH\CodeIgniter.php(499): CodeIgniter\CodeIgniter->runController(Object(App\Controllers\Finger))
 8 SYSTEMPATH\CodeIgniter.php(368): CodeIgniter\CodeIgniter->handleRequest(null, Object(Config\Cache), false)
 9 FCPATH\index.php(67): CodeIgniter\CodeIgniter->run()
CRITICAL - 2023-03-28 04:35:30 --> Trying to access array offset on value of type null
in APPPATH\Views\finger_device.php on line 18.
 1 APPPATH\Views\finger_device.php(18): CodeIgniter\Debug\Exceptions->errorHandler(2, 'Trying to access array offset on value of type null', 'APPPATH\\Views\\finger_device.php', 18)
 2 SYSTEMPATH\View\View.php(213): include('APPPATH\\Views\\finger_device.php')
 3 SYSTEMPATH\View\View.php(216): CodeIgniter\View\View->CodeIgniter\View\{closure}()
 4 SYSTEMPATH\Common.php(1184): CodeIgniter\View\View->render('finger_device', [], true)
 5 APPPATH\Controllers\Finger.php(46): view('finger_device', [...])
 6 SYSTEMPATH\CodeIgniter.php(934): App\Controllers\Finger->get_mesin('FCPATH\\adminlte', 'dist', 'css', 'adminlte.min.css')
 7 SYSTEMPATH\CodeIgniter.php(499): CodeIgniter\CodeIgniter->runController(Object(App\Controllers\Finger))
 8 SYSTEMPATH\CodeIgniter.php(368): CodeIgniter\CodeIgniter->handleRequest(null, Object(Config\Cache), false)
 9 FCPATH\index.php(67): CodeIgniter\CodeIgniter->run()
CRITICAL - 2023-03-28 04:35:30 --> Trying to access array offset on value of type null
in APPPATH\Views\finger_device.php on line 18.
 1 APPPATH\Views\finger_device.php(18): CodeIgniter\Debug\Exceptions->errorHandler(2, 'Trying to access array offset on value of type null', 'APPPATH\\Views\\finger_device.php', 18)
 2 SYSTEMPATH\View\View.php(213): include('APPPATH\\Views\\finger_device.php')
 3 SYSTEMPATH\View\View.php(216): CodeIgniter\View\View->CodeIgniter\View\{closure}()
 4 SYSTEMPATH\Common.php(1184): CodeIgniter\View\View->render('finger_device', [], true)
 5 APPPATH\Controllers\Finger.php(46): view('finger_device', [...])
 6 SYSTEMPATH\CodeIgniter.php(934): App\Controllers\Finger->get_mesin('FCPATH\\adminlte', 'plugins', 'tempusdominus-bootstrap-4', 'css', 'tempusdominus-bootstrap-4.min.css')
 7 SYSTEMPATH\CodeIgniter.php(499): CodeIgniter\CodeIgniter->runController(Object(App\Controllers\Finger))
 8 SYSTEMPATH\CodeIgniter.php(368): CodeIgniter\CodeIgniter->handleRequest(null, Object(Config\Cache), false)
 9 FCPATH\index.php(67): CodeIgniter\CodeIgniter->run()
CRITICAL - 2023-03-28 04:35:30 --> Trying to access array offset on value of type null
in APPPATH\Views\finger_device.php on line 18.
 1 APPPATH\Views\finger_device.php(18): CodeIgniter\Debug\Exceptions->errorHandler(2, 'Trying to access array offset on value of type null', 'APPPATH\\Views\\finger_device.php', 18)
 2 SYSTEMPATH\View\View.php(213): include('APPPATH\\Views\\finger_device.php')
 3 SYSTEMPATH\View\View.php(216): CodeIgniter\View\View->CodeIgniter\View\{closure}()
 4 SYSTEMPATH\Common.php(1184): CodeIgniter\View\View->render('finger_device', [], true)
 5 APPPATH\Controllers\Finger.php(46): view('finger_device', [...])
 6 SYSTEMPATH\CodeIgniter.php(934): App\Controllers\Finger->get_mesin('FCPATH\\adminlte', 'plugins', 'jqvmap', 'jqvmap.min.css')
 7 SYSTEMPATH\CodeIgniter.php(499): CodeIgniter\CodeIgniter->runController(Object(App\Controllers\Finger))
 8 SYSTEMPATH\CodeIgniter.php(368): CodeIgniter\CodeIgniter->handleRequest(null, Object(Config\Cache), false)
 9 FCPATH\index.php(67): CodeIgniter\CodeIgniter->run()
CRITICAL - 2023-03-28 04:35:30 --> Trying to access array offset on value of type null
in APPPATH\Views\finger_device.php on line 18.
 1 APPPATH\Views\finger_device.php(18): CodeIgniter\Debug\Exceptions->errorHandler(2, 'Trying to access array offset on value of type null', 'APPPATH\\Views\\finger_device.php', 18)
 2 SYSTEMPATH\View\View.php(213): include('APPPATH\\Views\\finger_device.php')
 3 SYSTEMPATH\View\View.php(216): CodeIgniter\View\View->CodeIgniter\View\{closure}()
 4 SYSTEMPATH\Common.php(1184): CodeIgniter\View\View->render('finger_device', [], true)
 5 APPPATH\Controllers\Finger.php(46): view('finger_device', [...])
 6 SYSTEMPATH\CodeIgniter.php(934): App\Controllers\Finger->get_mesin('FCPATH\\adminlte', 'plugins', 'icheck-bootstrap', 'icheck-bootstrap.min.css')
 7 SYSTEMPATH\CodeIgniter.php(499): CodeIgniter\CodeIgniter->runController(Object(App\Controllers\Finger))
 8 SYSTEMPATH\CodeIgniter.php(368): CodeIgniter\CodeIgniter->handleRequest(null, Object(Config\Cache), false)
 9 FCPATH\index.php(67): CodeIgniter\CodeIgniter->run()
CRITICAL - 2023-03-28 04:35:30 --> Trying to access array offset on value of type null
in APPPATH\Views\finger_device.php on line 18.
 1 APPPATH\Views\finger_device.php(18): CodeIgniter\Debug\Exceptions->errorHandler(2, 'Trying to access array offset on value of type null', 'APPPATH\\Views\\finger_device.php', 18)
 2 SYSTEMPATH\View\View.php(213): include('APPPATH\\Views\\finger_device.php')
 3 SYSTEMPATH\View\View.php(216): CodeIgniter\View\View->CodeIgniter\View\{closure}()
 4 SYSTEMPATH\Common.php(1184): CodeIgniter\View\View->render('finger_device', [], true)
 5 APPPATH\Controllers\Finger.php(46): view('finger_device', [...])
 6 SYSTEMPATH\CodeIgniter.php(934): App\Controllers\Finger->get_mesin('FCPATH\\adminlte', 'plugins', 'fontawesome-free-6.4.0-web', 'css', 'all.min.css')
 7 SYSTEMPATH\CodeIgniter.php(499): CodeIgniter\CodeIgniter->runController(Object(App\Controllers\Finger))
 8 SYSTEMPATH\CodeIgniter.php(368): CodeIgniter\CodeIgniter->handleRequest(null, Object(Config\Cache), false)
 9 FCPATH\index.php(67): CodeIgniter\CodeIgniter->run()
CRITICAL - 2023-03-28 04:35:30 --> Trying to access array offset on value of type null
in APPPATH\Views\finger_device.php on line 18.
 1 APPPATH\Views\finger_device.php(18): CodeIgniter\Debug\Exceptions->errorHandler(2, 'Trying to access array offset on value of type null', 'APPPATH\\Views\\finger_device.php', 18)
 2 SYSTEMPATH\View\View.php(213): include('APPPATH\\Views\\finger_device.php')
 3 SYSTEMPATH\View\View.php(216): CodeIgniter\View\View->CodeIgniter\View\{closure}()
 4 SYSTEMPATH\Common.php(1184): CodeIgniter\View\View->render('finger_device', [], true)
 5 APPPATH\Controllers\Finger.php(46): view('finger_device', [...])
 6 SYSTEMPATH\CodeIgniter.php(934): App\Controllers\Finger->get_mesin('FCPATH\\adminlte', 'plugins', 'bootstrap', 'js', 'bootstrap.bundle.min.js')
 7 SYSTEMPATH\CodeIgniter.php(499): CodeIgniter\CodeIgniter->runController(Object(App\Controllers\Finger))
 8 SYSTEMPATH\CodeIgniter.php(368): CodeIgniter\CodeIgniter->handleRequest(null, Object(Config\Cache), false)
 9 FCPATH\index.php(67): CodeIgniter\CodeIgniter->run()
CRITICAL - 2023-03-28 04:35:30 --> Trying to access array offset on value of type null
in APPPATH\Views\finger_device.php on line 18.
 1 APPPATH\Views\finger_device.php(18): CodeIgniter\Debug\Exceptions->errorHandler(2, 'Trying to access array offset on value of type null', 'APPPATH\\Views\\finger_device.php', 18)
 2 SYSTEMPATH\View\View.php(213): include('APPPATH\\Views\\finger_device.php')
 3 SYSTEMPATH\View\View.php(216): CodeIgniter\View\View->CodeIgniter\View\{closure}()
 4 SYSTEMPATH\Common.php(1184): CodeIgniter\View\View->render('finger_device', [], true)
 5 APPPATH\Controllers\Finger.php(46): view('finger_device', [...])
 6 SYSTEMPATH\CodeIgniter.php(934): App\Controllers\Finger->get_mesin('FCPATH\\adminlte', 'plugins', 'jquery', 'jquery.min.js')
 7 SYSTEMPATH\CodeIgniter.php(499): CodeIgniter\CodeIgniter->runController(Object(App\Controllers\Finger))
 8 SYSTEMPATH\CodeIgniter.php(368): CodeIgniter\CodeIgniter->handleRequest(null, Object(Config\Cache), false)
 9 FCPATH\index.php(67): CodeIgniter\CodeIgniter->run()
CRITICAL - 2023-03-28 04:35:30 --> Trying to access array offset on value of type null
in APPPATH\Views\finger_device.php on line 18.
 1 APPPATH\Views\finger_device.php(18): CodeIgniter\Debug\Exceptions->errorHandler(2, 'Trying to access array offset on value of type null', 'APPPATH\\Views\\finger_device.php', 18)
 2 SYSTEMPATH\View\View.php(213): include('APPPATH\\Views\\finger_device.php')
 3 SYSTEMPATH\View\View.php(216): CodeIgniter\View\View->CodeIgniter\View\{closure}()
 4 SYSTEMPATH\Common.php(1184): CodeIgniter\View\View->render('finger_device', [], true)
 5 APPPATH\Controllers\Finger.php(46): view('finger_device', [...])
 6 SYSTEMPATH\CodeIgniter.php(934): App\Controllers\Finger->get_mesin('FCPATH\\adminlte', 'plugins', 'jquery-ui', 'jquery-ui.min.js')
 7 SYSTEMPATH\CodeIgniter.php(499): CodeIgniter\CodeIgniter->runController(Object(App\Controllers\Finger))
 8 SYSTEMPATH\CodeIgniter.php(368): CodeIgniter\CodeIgniter->handleRequest(null, Object(Config\Cache), false)
 9 FCPATH\index.php(67): CodeIgniter\CodeIgniter->run()
CRITICAL - 2023-03-28 04:35:30 --> Trying to access array offset on value of type null
in APPPATH\Views\finger_device.php on line 18.
 1 APPPATH\Views\finger_device.php(18): CodeIgniter\Debug\Exceptions->errorHandler(2, 'Trying to access array offset on value of type null', 'APPPATH\\Views\\finger_device.php', 18)
 2 SYSTEMPATH\View\View.php(213): include('APPPATH\\Views\\finger_device.php')
 3 SYSTEMPATH\View\View.php(216): CodeIgniter\View\View->CodeIgniter\View\{closure}()
 4 SYSTEMPATH\Common.php(1184): CodeIgniter\View\View->render('finger_device', [], true)
 5 APPPATH\Controllers\Finger.php(46): view('finger_device', [...])
 6 SYSTEMPATH\CodeIgniter.php(934): App\Controllers\Finger->get_mesin('FCPATH\\adminlte', 'plugins', 'daterangepicker', 'daterangepicker.css')
 7 SYSTEMPATH\CodeIgniter.php(499): CodeIgniter\CodeIgniter->runController(Object(App\Controllers\Finger))
 8 SYSTEMPATH\CodeIgniter.php(368): CodeIgniter\CodeIgniter->handleRequest(null, Object(Config\Cache), false)
 9 FCPATH\index.php(67): CodeIgniter\CodeIgniter->run()
CRITICAL - 2023-03-28 04:35:30 --> Trying to access array offset on value of type null
in APPPATH\Views\finger_device.php on line 18.
 1 APPPATH\Views\finger_device.php(18): CodeIgniter\Debug\Exceptions->errorHandler(2, 'Trying to access array offset on value of type null', 'APPPATH\\Views\\finger_device.php', 18)
 2 SYSTEMPATH\View\View.php(213): include('APPPATH\\Views\\finger_device.php')
 3 SYSTEMPATH\View\View.php(216): CodeIgniter\View\View->CodeIgniter\View\{closure}()
 4 SYSTEMPATH\Common.php(1184): CodeIgniter\View\View->render('finger_device', [], true)
 5 APPPATH\Controllers\Finger.php(46): view('finger_device', [...])
 6 SYSTEMPATH\CodeIgniter.php(934): App\Controllers\Finger->get_mesin('FCPATH\\adminlte', 'plugins', 'summernote', 'summernote-bs4.min.css')
 7 SYSTEMPATH\CodeIgniter.php(499): CodeIgniter\CodeIgniter->runController(Object(App\Controllers\Finger))
 8 SYSTEMPATH\CodeIgniter.php(368): CodeIgniter\CodeIgniter->handleRequest(null, Object(Config\Cache), false)
 9 FCPATH\index.php(67): CodeIgniter\CodeIgniter->run()
CRITICAL - 2023-03-28 04:35:30 --> Trying to access array offset on value of type null
in APPPATH\Views\finger_device.php on line 18.
 1 APPPATH\Views\finger_device.php(18): CodeIgniter\Debug\Exceptions->errorHandler(2, 'Trying to access array offset on value of type null', 'APPPATH\\Views\\finger_device.php', 18)
 2 SYSTEMPATH\View\View.php(213): include('APPPATH\\Views\\finger_device.php')
 3 SYSTEMPATH\View\View.php(216): CodeIgniter\View\View->CodeIgniter\View\{closure}()
 4 SYSTEMPATH\Common.php(1184): CodeIgniter\View\View->render('finger_device', [], true)
 5 APPPATH\Controllers\Finger.php(46): view('finger_device', [...])
 6 SYSTEMPATH\CodeIgniter.php(934): App\Controllers\Finger->get_mesin('FCPATH\\adminlte', 'plugins', 'chart.js', 'Chart.min.js')
 7 SYSTEMPATH\CodeIgniter.php(499): CodeIgniter\CodeIgniter->runController(Object(App\Controllers\Finger))
 8 SYSTEMPATH\CodeIgniter.php(368): CodeIgniter\CodeIgniter->handleRequest(null, Object(Config\Cache), false)
 9 FCPATH\index.php(67): CodeIgniter\CodeIgniter->run()
CRITICAL - 2023-03-28 04:35:30 --> Trying to access array offset on value of type null
in APPPATH\Views\finger_device.php on line 18.
 1 APPPATH\Views\finger_device.php(18): CodeIgniter\Debug\Exceptions->errorHandler(2, 'Trying to access array offset on value of type null', 'APPPATH\\Views\\finger_device.php', 18)
 2 SYSTEMPATH\View\View.php(213): include('APPPATH\\Views\\finger_device.php')
 3 SYSTEMPATH\View\View.php(216): CodeIgniter\View\View->CodeIgniter\View\{closure}()
 4 SYSTEMPATH\Common.php(1184): CodeIgniter\View\View->render('finger_device', [], true)
 5 APPPATH\Controllers\Finger.php(46): view('finger_device', [...])
 6 SYSTEMPATH\CodeIgniter.php(934): App\Controllers\Finger->get_mesin('FCPATH\\adminlte', 'plugins', 'sparklines', 'sparkline.js')
 7 SYSTEMPATH\CodeIgniter.php(499): CodeIgniter\CodeIgniter->runController(Object(App\Controllers\Finger))
 8 SYSTEMPATH\CodeIgniter.php(368): CodeIgniter\CodeIgniter->handleRequest(null, Object(Config\Cache), false)
 9 FCPATH\index.php(67): CodeIgniter\CodeIgniter->run()
CRITICAL - 2023-03-28 04:35:30 --> Trying to access array offset on value of type null
in APPPATH\Views\finger_device.php on line 18.
 1 APPPATH\Views\finger_device.php(18): CodeIgniter\Debug\Exceptions->errorHandler(2, 'Trying to access array offset on value of type null', 'APPPATH\\Views\\finger_device.php', 18)
 2 SYSTEMPATH\View\View.php(213): include('APPPATH\\Views\\finger_device.php')
 3 SYSTEMPATH\View\View.php(216): CodeIgniter\View\View->CodeIgniter\View\{closure}()
 4 SYSTEMPATH\Common.php(1184): CodeIgniter\View\View->render('finger_device', [], true)
 5 APPPATH\Controllers\Finger.php(46): view('finger_device', [...])
 6 SYSTEMPATH\CodeIgniter.php(934): App\Controllers\Finger->get_mesin('FCPATH\\adminlte', 'plugins', 'jqvmap', 'jquery.vmap.min.js')
 7 SYSTEMPATH\CodeIgniter.php(499): CodeIgniter\CodeIgniter->runController(Object(App\Controllers\Finger))
 8 SYSTEMPATH\CodeIgniter.php(368): CodeIgniter\CodeIgniter->handleRequest(null, Object(Config\Cache), false)
 9 FCPATH\index.php(67): CodeIgniter\CodeIgniter->run()
CRITICAL - 2023-03-28 04:35:30 --> Trying to access array offset on value of type null
in APPPATH\Views\finger_device.php on line 18.
 1 APPPATH\Views\finger_device.php(18): CodeIgniter\Debug\Exceptions->errorHandler(2, 'Trying to access array offset on value of type null', 'APPPATH\\Views\\finger_device.php', 18)
 2 SYSTEMPATH\View\View.php(213): include('APPPATH\\Views\\finger_device.php')
 3 SYSTEMPATH\View\View.php(216): CodeIgniter\View\View->CodeIgniter\View\{closure}()
 4 SYSTEMPATH\Common.php(1184): CodeIgniter\View\View->render('finger_device', [], true)
 5 APPPATH\Controllers\Finger.php(46): view('finger_device', [...])
 6 SYSTEMPATH\CodeIgniter.php(934): App\Controllers\Finger->get_mesin('FCPATH\\adminlte', 'plugins', 'moment', 'moment.min.js')
 7 SYSTEMPATH\CodeIgniter.php(499): CodeIgniter\CodeIgniter->runController(Object(App\Controllers\Finger))
 8 SYSTEMPATH\CodeIgniter.php(368): CodeIgniter\CodeIgniter->handleRequest(null, Object(Config\Cache), false)
 9 FCPATH\index.php(67): CodeIgniter\CodeIgniter->run()
CRITICAL - 2023-03-28 04:35:30 --> Trying to access array offset on value of type null
in APPPATH\Views\finger_device.php on line 18.
 1 APPPATH\Views\finger_device.php(18): CodeIgniter\Debug\Exceptions->errorHandler(2, 'Trying to access array offset on value of type null', 'APPPATH\\Views\\finger_device.php', 18)
 2 SYSTEMPATH\View\View.php(213): include('APPPATH\\Views\\finger_device.php')
 3 SYSTEMPATH\View\View.php(216): CodeIgniter\View\View->CodeIgniter\View\{closure}()
 4 SYSTEMPATH\Common.php(1184): CodeIgniter\View\View->render('finger_device', [], true)
 5 APPPATH\Controllers\Finger.php(46): view('finger_device', [...])
 6 SYSTEMPATH\CodeIgniter.php(934): App\Controllers\Finger->get_mesin('FCPATH\\adminlte', 'plugins', 'jqvmap', 'maps', 'jquery.vmap.usa.js')
 7 SYSTEMPATH\CodeIgniter.php(499): CodeIgniter\CodeIgniter->runController(Object(App\Controllers\Finger))
 8 SYSTEMPATH\CodeIgniter.php(368): CodeIgniter\CodeIgniter->handleRequest(null, Object(Config\Cache), false)
 9 FCPATH\index.php(67): CodeIgniter\CodeIgniter->run()
CRITICAL - 2023-03-28 04:35:30 --> Trying to access array offset on value of type null
in APPPATH\Views\finger_device.php on line 18.
 1 APPPATH\Views\finger_device.php(18): CodeIgniter\Debug\Exceptions->errorHandler(2, 'Trying to access array offset on value of type null', 'APPPATH\\Views\\finger_device.php', 18)
 2 SYSTEMPATH\View\View.php(213): include('APPPATH\\Views\\finger_device.php')
 3 SYSTEMPATH\View\View.php(216): CodeIgniter\View\View->CodeIgniter\View\{closure}()
 4 SYSTEMPATH\Common.php(1184): CodeIgniter\View\View->render('finger_device', [], true)
 5 APPPATH\Controllers\Finger.php(46): view('finger_device', [...])
 6 SYSTEMPATH\CodeIgniter.php(934): App\Controllers\Finger->get_mesin('FCPATH\\adminlte', 'plugins', 'jquery-knob', 'jquery.knob.min.js')
 7 SYSTEMPATH\CodeIgniter.php(499): CodeIgniter\CodeIgniter->runController(Object(App\Controllers\Finger))
 8 SYSTEMPATH\CodeIgniter.php(368): CodeIgniter\CodeIgniter->handleRequest(null, Object(Config\Cache), false)
 9 FCPATH\index.php(67): CodeIgniter\CodeIgniter->run()
CRITICAL - 2023-03-28 04:35:30 --> Trying to access array offset on value of type null
in APPPATH\Views\finger_device.php on line 18.
 1 APPPATH\Views\finger_device.php(18): CodeIgniter\Debug\Exceptions->errorHandler(2, 'Trying to access array offset on value of type null', 'APPPATH\\Views\\finger_device.php', 18)
 2 SYSTEMPATH\View\View.php(213): include('APPPATH\\Views\\finger_device.php')
 3 SYSTEMPATH\View\View.php(216): CodeIgniter\View\View->CodeIgniter\View\{closure}()
 4 SYSTEMPATH\Common.php(1184): CodeIgniter\View\View->render('finger_device', [], true)
 5 APPPATH\Controllers\Finger.php(46): view('finger_device', [...])
 6 SYSTEMPATH\CodeIgniter.php(934): App\Controllers\Finger->get_mesin('FCPATH\\assets', 'images', 'ugm', 'user-icon.png')
 7 SYSTEMPATH\CodeIgniter.php(499): CodeIgniter\CodeIgniter->runController(Object(App\Controllers\Finger))
 8 SYSTEMPATH\CodeIgniter.php(368): CodeIgniter\CodeIgniter->handleRequest(null, Object(Config\Cache), false)
 9 FCPATH\index.php(67): CodeIgniter\CodeIgniter->run()
CRITICAL - 2023-03-28 04:35:30 --> Trying to access array offset on value of type null
in APPPATH\Views\finger_device.php on line 18.
 1 APPPATH\Views\finger_device.php(18): CodeIgniter\Debug\Exceptions->errorHandler(2, 'Trying to access array offset on value of type null', 'APPPATH\\Views\\finger_device.php', 18)
 2 SYSTEMPATH\View\View.php(213): include('APPPATH\\Views\\finger_device.php')
 3 SYSTEMPATH\View\View.php(216): CodeIgniter\View\View->CodeIgniter\View\{closure}()
 4 SYSTEMPATH\Common.php(1184): CodeIgniter\View\View->render('finger_device', [], true)
 5 APPPATH\Controllers\Finger.php(46): view('finger_device', [...])
 6 SYSTEMPATH\CodeIgniter.php(934): App\Controllers\Finger->get_mesin('FCPATH\\assets', 'images', 'ugm', 'ugm-blok.png')
 7 SYSTEMPATH\CodeIgniter.php(499): CodeIgniter\CodeIgniter->runController(Object(App\Controllers\Finger))
 8 SYSTEMPATH\CodeIgniter.php(368): CodeIgniter\CodeIgniter->handleRequest(null, Object(Config\Cache), false)
 9 FCPATH\index.php(67): CodeIgniter\CodeIgniter->run()
CRITICAL - 2023-03-28 04:35:30 --> Trying to access array offset on value of type null
in APPPATH\Views\finger_device.php on line 18.
 1 APPPATH\Views\finger_device.php(18): CodeIgniter\Debug\Exceptions->errorHandler(2, 'Trying to access array offset on value of type null', 'APPPATH\\Views\\finger_device.php', 18)
 2 SYSTEMPATH\View\View.php(213): include('APPPATH\\Views\\finger_device.php')
 3 SYSTEMPATH\View\View.php(216): CodeIgniter\View\View->CodeIgniter\View\{closure}()
 4 SYSTEMPATH\Common.php(1184): CodeIgniter\View\View->render('finger_device', [], true)
 5 APPPATH\Controllers\Finger.php(46): view('finger_device', [...])
 6 SYSTEMPATH\CodeIgniter.php(934): App\Controllers\Finger->get_mesin('FCPATH\\adminlte', 'plugins', 'tempusdominus-bootstrap-4', 'js', 'tempusdominus-bootstrap-4.min.js')
 7 SYSTEMPATH\CodeIgniter.php(499): CodeIgniter\CodeIgniter->runController(Object(App\Controllers\Finger))
 8 SYSTEMPATH\CodeIgniter.php(368): CodeIgniter\CodeIgniter->handleRequest(null, Object(Config\Cache), false)
 9 FCPATH\index.php(67): CodeIgniter\CodeIgniter->run()
CRITICAL - 2023-03-28 04:35:30 --> Trying to access array offset on value of type null
in APPPATH\Views\finger_device.php on line 18.
 1 APPPATH\Views\finger_device.php(18): CodeIgniter\Debug\Exceptions->errorHandler(2, 'Trying to access array offset on value of type null', 'APPPATH\\Views\\finger_device.php', 18)
 2 SYSTEMPATH\View\View.php(213): include('APPPATH\\Views\\finger_device.php')
 3 SYSTEMPATH\View\View.php(216): CodeIgniter\View\View->CodeIgniter\View\{closure}()
 4 SYSTEMPATH\Common.php(1184): CodeIgniter\View\View->render('finger_device', [], true)
 5 APPPATH\Controllers\Finger.php(46): view('finger_device', [...])
 6 SYSTEMPATH\CodeIgniter.php(934): App\Controllers\Finger->get_mesin('FCPATH\\assets', 'images', 'ugm', 'ugm.png')
 7 SYSTEMPATH\CodeIgniter.php(499): CodeIgniter\CodeIgniter->runController(Object(App\Controllers\Finger))
 8 SYSTEMPATH\CodeIgniter.php(368): CodeIgniter\CodeIgniter->handleRequest(null, Object(Config\Cache), false)
 9 FCPATH\index.php(67): CodeIgniter\CodeIgniter->run()
CRITICAL - 2023-03-28 04:35:30 --> Trying to access array offset on value of type null
in APPPATH\Views\finger_device.php on line 18.
 1 APPPATH\Views\finger_device.php(18): CodeIgniter\Debug\Exceptions->errorHandler(2, 'Trying to access array offset on value of type null', 'APPPATH\\Views\\finger_device.php', 18)
 2 SYSTEMPATH\View\View.php(213): include('APPPATH\\Views\\finger_device.php')
 3 SYSTEMPATH\View\View.php(216): CodeIgniter\View\View->CodeIgniter\View\{closure}()
 4 SYSTEMPATH\Common.php(1184): CodeIgniter\View\View->render('finger_device', [], true)
 5 APPPATH\Controllers\Finger.php(46): view('finger_device', [...])
 6 SYSTEMPATH\CodeIgniter.php(934): App\Controllers\Finger->get_mesin('FCPATH\\adminlte', 'plugins', 'daterangepicker', 'daterangepicker.js')
 7 SYSTEMPATH\CodeIgniter.php(499): CodeIgniter\CodeIgniter->runController(Object(App\Controllers\Finger))
 8 SYSTEMPATH\CodeIgniter.php(368): CodeIgniter\CodeIgniter->handleRequest(null, Object(Config\Cache), false)
 9 FCPATH\index.php(67): CodeIgniter\CodeIgniter->run()
CRITICAL - 2023-03-28 04:35:30 --> Trying to access array offset on value of type null
in APPPATH\Views\finger_device.php on line 18.
 1 APPPATH\Views\finger_device.php(18): CodeIgniter\Debug\Exceptions->errorHandler(2, 'Trying to access array offset on value of type null', 'APPPATH\\Views\\finger_device.php', 18)
 2 SYSTEMPATH\View\View.php(213): include('APPPATH\\Views\\finger_device.php')
 3 SYSTEMPATH\View\View.php(216): CodeIgniter\View\View->CodeIgniter\View\{closure}()
 4 SYSTEMPATH\Common.php(1184): CodeIgniter\View\View->render('finger_device', [], true)
 5 APPPATH\Controllers\Finger.php(46): view('finger_device', [...])
 6 SYSTEMPATH\CodeIgniter.php(934): App\Controllers\Finger->get_mesin('FCPATH\\adminlte', 'plugins', 'summernote', 'summernote-bs4.min.js')
 7 SYSTEMPATH\CodeIgniter.php(499): CodeIgniter\CodeIgniter->runController(Object(App\Controllers\Finger))
 8 SYSTEMPATH\CodeIgniter.php(368): CodeIgniter\CodeIgniter->handleRequest(null, Object(Config\Cache), false)
 9 FCPATH\index.php(67): CodeIgniter\CodeIgniter->run()
CRITICAL - 2023-03-28 04:35:30 --> Trying to access array offset on value of type null
in APPPATH\Views\finger_device.php on line 18.
 1 APPPATH\Views\finger_device.php(18): CodeIgniter\Debug\Exceptions->errorHandler(2, 'Trying to access array offset on value of type null', 'APPPATH\\Views\\finger_device.php', 18)
 2 SYSTEMPATH\View\View.php(213): include('APPPATH\\Views\\finger_device.php')
 3 SYSTEMPATH\View\View.php(216): CodeIgniter\View\View->CodeIgniter\View\{closure}()
 4 SYSTEMPATH\Common.php(1184): CodeIgniter\View\View->render('finger_device', [], true)
 5 APPPATH\Controllers\Finger.php(46): view('finger_device', [...])
 6 SYSTEMPATH\CodeIgniter.php(934): App\Controllers\Finger->get_mesin('FCPATH\\adminlte', 'plugins', 'overlayScrollbars', 'js', 'jquery.overlayScrollbars.min.js')
 7 SYSTEMPATH\CodeIgniter.php(499): CodeIgniter\CodeIgniter->runController(Object(App\Controllers\Finger))
 8 SYSTEMPATH\CodeIgniter.php(368): CodeIgniter\CodeIgniter->handleRequest(null, Object(Config\Cache), false)
 9 FCPATH\index.php(67): CodeIgniter\CodeIgniter->run()
CRITICAL - 2023-03-28 04:35:31 --> Trying to access array offset on value of type null
in APPPATH\Views\finger_device.php on line 18.
 1 APPPATH\Views\finger_device.php(18): CodeIgniter\Debug\Exceptions->errorHandler(2, 'Trying to access array offset on value of type null', 'APPPATH\\Views\\finger_device.php', 18)
 2 SYSTEMPATH\View\View.php(213): include('APPPATH\\Views\\finger_device.php')
 3 SYSTEMPATH\View\View.php(216): CodeIgniter\View\View->CodeIgniter\View\{closure}()
 4 SYSTEMPATH\Common.php(1184): CodeIgniter\View\View->render('finger_device', [], true)
 5 APPPATH\Controllers\Finger.php(46): view('finger_device', [...])
 6 SYSTEMPATH\CodeIgniter.php(934): App\Controllers\Finger->get_mesin('FCPATH\\adminlte', 'dist', 'js', 'adminlte.js')
 7 SYSTEMPATH\CodeIgniter.php(499): CodeIgniter\CodeIgniter->runController(Object(App\Controllers\Finger))
 8 SYSTEMPATH\CodeIgniter.php(368): CodeIgniter\CodeIgniter->handleRequest(null, Object(Config\Cache), false)
 9 FCPATH\index.php(67): CodeIgniter\CodeIgniter->run()
CRITICAL - 2023-03-28 04:35:31 --> Trying to access array offset on value of type null
in APPPATH\Views\finger_device.php on line 18.
 1 APPPATH\Views\finger_device.php(18): CodeIgniter\Debug\Exceptions->errorHandler(2, 'Trying to access array offset on value of type null', 'APPPATH\\Views\\finger_device.php', 18)
 2 SYSTEMPATH\View\View.php(213): include('APPPATH\\Views\\finger_device.php')
 3 SYSTEMPATH\View\View.php(216): CodeIgniter\View\View->CodeIgniter\View\{closure}()
 4 SYSTEMPATH\Common.php(1184): CodeIgniter\View\View->render('finger_device', [], true)
 5 APPPATH\Controllers\Finger.php(46): view('finger_device', [...])
 6 SYSTEMPATH\CodeIgniter.php(934): App\Controllers\Finger->get_mesin('FCPATH\\adminlte', 'dist', 'js', 'pages', 'dashboard.js')
 7 SYSTEMPATH\CodeIgniter.php(499): CodeIgniter\CodeIgniter->runController(Object(App\Controllers\Finger))
 8 SYSTEMPATH\CodeIgniter.php(368): CodeIgniter\CodeIgniter->handleRequest(null, Object(Config\Cache), false)
 9 FCPATH\index.php(67): CodeIgniter\CodeIgniter->run()
CRITICAL - 2023-03-28 04:35:31 --> Trying to access array offset on value of type null
in APPPATH\Views\finger_device.php on line 18.
 1 APPPATH\Views\finger_device.php(18): CodeIgniter\Debug\Exceptions->errorHandler(2, 'Trying to access array offset on value of type null', 'APPPATH\\Views\\finger_device.php', 18)
 2 SYSTEMPATH\View\View.php(213): include('APPPATH\\Views\\finger_device.php')
 3 SYSTEMPATH\View\View.php(216): CodeIgniter\View\View->CodeIgniter\View\{closure}()
 4 SYSTEMPATH\Common.php(1184): CodeIgniter\View\View->render('finger_device', [], true)
 5 APPPATH\Controllers\Finger.php(46): view('finger_device', [...])
 6 SYSTEMPATH\CodeIgniter.php(934): App\Controllers\Finger->get_mesin('FCPATH\\assets', 'images', 'ugm', 'FCPATH\\favicon.ico')
 7 SYSTEMPATH\CodeIgniter.php(499): CodeIgniter\CodeIgniter->runController(Object(App\Controllers\Finger))
 8 SYSTEMPATH\CodeIgniter.php(368): CodeIgniter\CodeIgniter->handleRequest(null, Object(Config\Cache), false)
 9 FCPATH\index.php(67): CodeIgniter\CodeIgniter->run()
INFO - 2023-03-28 04:36:01 --> CSRF token verified.
CRITICAL - 2023-03-28 04:36:01 --> Trying to access array offset on value of type null
in APPPATH\Views\finger_device.php on line 18.
 1 APPPATH\Views\finger_device.php(18): CodeIgniter\Debug\Exceptions->errorHandler(2, 'Trying to access array offset on value of type null', 'APPPATH\\Views\\finger_device.php', 18)
 2 SYSTEMPATH\View\View.php(213): include('APPPATH\\Views\\finger_device.php')
 3 SYSTEMPATH\View\View.php(216): CodeIgniter\View\View->CodeIgniter\View\{closure}()
 4 SYSTEMPATH\Common.php(1184): CodeIgniter\View\View->render('finger_device', [], true)
 5 APPPATH\Controllers\Finger.php(46): view('finger_device', [...])
 6 SYSTEMPATH\CodeIgniter.php(934): App\Controllers\Finger->get_mesin('FCPATH\\adminlte', 'plugins', 'fontawesome-free-6.4.0-web', 'css', 'all.min.css')
 7 SYSTEMPATH\CodeIgniter.php(499): CodeIgniter\CodeIgniter->runController(Object(App\Controllers\Finger))
 8 SYSTEMPATH\CodeIgniter.php(368): CodeIgniter\CodeIgniter->handleRequest(null, Object(Config\Cache), false)
 9 FCPATH\index.php(67): CodeIgniter\CodeIgniter->run()
CRITICAL - 2023-03-28 04:36:01 --> Trying to access array offset on value of type null
in APPPATH\Views\finger_device.php on line 18.
 1 APPPATH\Views\finger_device.php(18): CodeIgniter\Debug\Exceptions->errorHandler(2, 'Trying to access array offset on value of type null', 'APPPATH\\Views\\finger_device.php', 18)
 2 SYSTEMPATH\View\View.php(213): include('APPPATH\\Views\\finger_device.php')
 3 SYSTEMPATH\View\View.php(216): CodeIgniter\View\View->CodeIgniter\View\{closure}()
 4 SYSTEMPATH\Common.php(1184): CodeIgniter\View\View->render('finger_device', [], true)
 5 APPPATH\Controllers\Finger.php(46): view('finger_device', [...])
 6 SYSTEMPATH\CodeIgniter.php(934): App\Controllers\Finger->get_mesin('FCPATH\\adminlte', 'plugins', 'tempusdominus-bootstrap-4', 'css', 'tempusdominus-bootstrap-4.min.css')
 7 SYSTEMPATH\CodeIgniter.php(499): CodeIgniter\CodeIgniter->runController(Object(App\Controllers\Finger))
 8 SYSTEMPATH\CodeIgniter.php(368): CodeIgniter\CodeIgniter->handleRequest(null, Object(Config\Cache), false)
 9 FCPATH\index.php(67): CodeIgniter\CodeIgniter->run()
CRITICAL - 2023-03-28 04:36:01 --> Trying to access array offset on value of type null
in APPPATH\Views\finger_device.php on line 18.
 1 APPPATH\Views\finger_device.php(18): CodeIgniter\Debug\Exceptions->errorHandler(2, 'Trying to access array offset on value of type null', 'APPPATH\\Views\\finger_device.php', 18)
 2 SYSTEMPATH\View\View.php(213): include('APPPATH\\Views\\finger_device.php')
 3 SYSTEMPATH\View\View.php(216): CodeIgniter\View\View->CodeIgniter\View\{closure}()
 4 SYSTEMPATH\Common.php(1184): CodeIgniter\View\View->render('finger_device', [], true)
 5 APPPATH\Controllers\Finger.php(46): view('finger_device', [...])
 6 SYSTEMPATH\CodeIgniter.php(934): App\Controllers\Finger->get_mesin('FCPATH\\adminlte', 'plugins', 'jqvmap', 'jqvmap.min.css')
 7 SYSTEMPATH\CodeIgniter.php(499): CodeIgniter\CodeIgniter->runController(Object(App\Controllers\Finger))
 8 SYSTEMPATH\CodeIgniter.php(368): CodeIgniter\CodeIgniter->handleRequest(null, Object(Config\Cache), false)
 9 FCPATH\index.php(67): CodeIgniter\CodeIgniter->run()
CRITICAL - 2023-03-28 04:36:01 --> Trying to access array offset on value of type null
in APPPATH\Views\finger_device.php on line 18.
 1 APPPATH\Views\finger_device.php(18): CodeIgniter\Debug\Exceptions->errorHandler(2, 'Trying to access array offset on value of type null', 'APPPATH\\Views\\finger_device.php', 18)
 2 SYSTEMPATH\View\View.php(213): include('APPPATH\\Views\\finger_device.php')
 3 SYSTEMPATH\View\View.php(216): CodeIgniter\View\View->CodeIgniter\View\{closure}()
 4 SYSTEMPATH\Common.php(1184): CodeIgniter\View\View->render('finger_device', [], true)
 5 APPPATH\Controllers\Finger.php(46): view('finger_device', [...])
 6 SYSTEMPATH\CodeIgniter.php(934): App\Controllers\Finger->get_mesin('FCPATH\\adminlte', 'dist', 'css', 'adminlte.min.css')
 7 SYSTEMPATH\CodeIgniter.php(499): CodeIgniter\CodeIgniter->runController(Object(App\Controllers\Finger))
 8 SYSTEMPATH\CodeIgniter.php(368): CodeIgniter\CodeIgniter->handleRequest(null, Object(Config\Cache), false)
 9 FCPATH\index.php(67): CodeIgniter\CodeIgniter->run()
CRITICAL - 2023-03-28 04:36:01 --> Trying to access array offset on value of type null
in APPPATH\Views\finger_device.php on line 18.
 1 APPPATH\Views\finger_device.php(18): CodeIgniter\Debug\Exceptions->errorHandler(2, 'Trying to access array offset on value of type null', 'APPPATH\\Views\\finger_device.php', 18)
 2 SYSTEMPATH\View\View.php(213): include('APPPATH\\Views\\finger_device.php')
 3 SYSTEMPATH\View\View.php(216): CodeIgniter\View\View->CodeIgniter\View\{closure}()
 4 SYSTEMPATH\Common.php(1184): CodeIgniter\View\View->render('finger_device', [], true)
 5 APPPATH\Controllers\Finger.php(46): view('finger_device', [...])
 6 SYSTEMPATH\CodeIgniter.php(934): App\Controllers\Finger->get_mesin('FCPATH\\adminlte', 'plugins', 'icheck-bootstrap', 'icheck-bootstrap.min.css')
 7 SYSTEMPATH\CodeIgniter.php(499): CodeIgniter\CodeIgniter->runController(Object(App\Controllers\Finger))
 8 SYSTEMPATH\CodeIgniter.php(368): CodeIgniter\CodeIgniter->handleRequest(null, Object(Config\Cache), false)
 9 FCPATH\index.php(67): CodeIgniter\CodeIgniter->run()
CRITICAL - 2023-03-28 04:36:02 --> Trying to access array offset on value of type null
in APPPATH\Views\finger_device.php on line 18.
 1 APPPATH\Views\finger_device.php(18): CodeIgniter\Debug\Exceptions->errorHandler(2, 'Trying to access array offset on value of type null', 'APPPATH\\Views\\finger_device.php', 18)
 2 SYSTEMPATH\View\View.php(213): include('APPPATH\\Views\\finger_device.php')
 3 SYSTEMPATH\View\View.php(216): CodeIgniter\View\View->CodeIgniter\View\{closure}()
 4 SYSTEMPATH\Common.php(1184): CodeIgniter\View\View->render('finger_device', [], true)
 5 APPPATH\Controllers\Finger.php(46): view('finger_device', [...])
 6 SYSTEMPATH\CodeIgniter.php(934): App\Controllers\Finger->get_mesin('FCPATH\\adminlte', 'plugins', 'overlayScrollbars', 'css', 'OverlayScrollbars.min.css')
 7 SYSTEMPATH\CodeIgniter.php(499): CodeIgniter\CodeIgniter->runController(Object(App\Controllers\Finger))
 8 SYSTEMPATH\CodeIgniter.php(368): CodeIgniter\CodeIgniter->handleRequest(null, Object(Config\Cache), false)
 9 FCPATH\index.php(67): CodeIgniter\CodeIgniter->run()
CRITICAL - 2023-03-28 04:36:02 --> Trying to access array offset on value of type null
in APPPATH\Views\finger_device.php on line 18.
 1 APPPATH\Views\finger_device.php(18): CodeIgniter\Debug\Exceptions->errorHandler(2, 'Trying to access array offset on value of type null', 'APPPATH\\Views\\finger_device.php', 18)
 2 SYSTEMPATH\View\View.php(213): include('APPPATH\\Views\\finger_device.php')
 3 SYSTEMPATH\View\View.php(216): CodeIgniter\View\View->CodeIgniter\View\{closure}()
 4 SYSTEMPATH\Common.php(1184): CodeIgniter\View\View->render('finger_device', [], true)
 5 APPPATH\Controllers\Finger.php(46): view('finger_device', [...])
 6 SYSTEMPATH\CodeIgniter.php(934): App\Controllers\Finger->get_mesin('FCPATH\\adminlte', 'plugins', 'jquery', 'jquery.min.js')
 7 SYSTEMPATH\CodeIgniter.php(499): CodeIgniter\CodeIgniter->runController(Object(App\Controllers\Finger))
 8 SYSTEMPATH\CodeIgniter.php(368): CodeIgniter\CodeIgniter->handleRequest(null, Object(Config\Cache), false)
 9 FCPATH\index.php(67): CodeIgniter\CodeIgniter->run()
CRITICAL - 2023-03-28 04:36:02 --> Trying to access array offset on value of type null
in APPPATH\Views\finger_device.php on line 18.
 1 APPPATH\Views\finger_device.php(18): CodeIgniter\Debug\Exceptions->errorHandler(2, 'Trying to access array offset on value of type null', 'APPPATH\\Views\\finger_device.php', 18)
 2 SYSTEMPATH\View\View.php(213): include('APPPATH\\Views\\finger_device.php')
 3 SYSTEMPATH\View\View.php(216): CodeIgniter\View\View->CodeIgniter\View\{closure}()
 4 SYSTEMPATH\Common.php(1184): CodeIgniter\View\View->render('finger_device', [], true)
 5 APPPATH\Controllers\Finger.php(46): view('finger_device', [...])
 6 SYSTEMPATH\CodeIgniter.php(934): App\Controllers\Finger->get_mesin('FCPATH\\adminlte', 'plugins', 'summernote', 'summernote-bs4.min.css')
 7 SYSTEMPATH\CodeIgniter.php(499): CodeIgniter\CodeIgniter->runController(Object(App\Controllers\Finger))
 8 SYSTEMPATH\CodeIgniter.php(368): CodeIgniter\CodeIgniter->handleRequest(null, Object(Config\Cache), false)
 9 FCPATH\index.php(67): CodeIgniter\CodeIgniter->run()
CRITICAL - 2023-03-28 04:36:02 --> Trying to access array offset on value of type null
in APPPATH\Views\finger_device.php on line 18.
 1 APPPATH\Views\finger_device.php(18): CodeIgniter\Debug\Exceptions->errorHandler(2, 'Trying to access array offset on value of type null', 'APPPATH\\Views\\finger_device.php', 18)
 2 SYSTEMPATH\View\View.php(213): include('APPPATH\\Views\\finger_device.php')
 3 SYSTEMPATH\View\View.php(216): CodeIgniter\View\View->CodeIgniter\View\{closure}()
 4 SYSTEMPATH\Common.php(1184): CodeIgniter\View\View->render('finger_device', [], true)
 5 APPPATH\Controllers\Finger.php(46): view('finger_device', [...])
 6 SYSTEMPATH\CodeIgniter.php(934): App\Controllers\Finger->get_mesin('FCPATH\\adminlte', 'plugins', 'daterangepicker', 'daterangepicker.css')
 7 SYSTEMPATH\CodeIgniter.php(499): CodeIgniter\CodeIgniter->runController(Object(App\Controllers\Finger))
 8 SYSTEMPATH\CodeIgniter.php(368): CodeIgniter\CodeIgniter->handleRequest(null, Object(Config\Cache), false)
 9 FCPATH\index.php(67): CodeIgniter\CodeIgniter->run()
CRITICAL - 2023-03-28 04:36:02 --> Trying to access array offset on value of type null
in APPPATH\Views\finger_device.php on line 18.
 1 APPPATH\Views\finger_device.php(18): CodeIgniter\Debug\Exceptions->errorHandler(2, 'Trying to access array offset on value of type null', 'APPPATH\\Views\\finger_device.php', 18)
 2 SYSTEMPATH\View\View.php(213): include('APPPATH\\Views\\finger_device.php')
 3 SYSTEMPATH\View\View.php(216): CodeIgniter\View\View->CodeIgniter\View\{closure}()
 4 SYSTEMPATH\Common.php(1184): CodeIgniter\View\View->render('finger_device', [], true)
 5 APPPATH\Controllers\Finger.php(46): view('finger_device', [...])
 6 SYSTEMPATH\CodeIgniter.php(934): App\Controllers\Finger->get_mesin('FCPATH\\adminlte', 'plugins', 'jquery-ui', 'jquery-ui.min.js')
 7 SYSTEMPATH\CodeIgniter.php(499): CodeIgniter\CodeIgniter->runController(Object(App\Controllers\Finger))
 8 SYSTEMPATH\CodeIgniter.php(368): CodeIgniter\CodeIgniter->handleRequest(null, Object(Config\Cache), false)
 9 FCPATH\index.php(67): CodeIgniter\CodeIgniter->run()
CRITICAL - 2023-03-28 04:36:02 --> Trying to access array offset on value of type null
in APPPATH\Views\finger_device.php on line 18.
 1 APPPATH\Views\finger_device.php(18): CodeIgniter\Debug\Exceptions->errorHandler(2, 'Trying to access array offset on value of type null', 'APPPATH\\Views\\finger_device.php', 18)
 2 SYSTEMPATH\View\View.php(213): include('APPPATH\\Views\\finger_device.php')
 3 SYSTEMPATH\View\View.php(216): CodeIgniter\View\View->CodeIgniter\View\{closure}()
 4 SYSTEMPATH\Common.php(1184): CodeIgniter\View\View->render('finger_device', [], true)
 5 APPPATH\Controllers\Finger.php(46): view('finger_device', [...])
 6 SYSTEMPATH\CodeIgniter.php(934): App\Controllers\Finger->get_mesin('FCPATH\\adminlte', 'plugins', 'sparklines', 'sparkline.js')
 7 SYSTEMPATH\CodeIgniter.php(499): CodeIgniter\CodeIgniter->runController(Object(App\Controllers\Finger))
 8 SYSTEMPATH\CodeIgniter.php(368): CodeIgniter\CodeIgniter->handleRequest(null, Object(Config\Cache), false)
 9 FCPATH\index.php(67): CodeIgniter\CodeIgniter->run()
CRITICAL - 2023-03-28 04:36:02 --> Trying to access array offset on value of type null
in APPPATH\Views\finger_device.php on line 18.
 1 APPPATH\Views\finger_device.php(18): CodeIgniter\Debug\Exceptions->errorHandler(2, 'Trying to access array offset on value of type null', 'APPPATH\\Views\\finger_device.php', 18)
 2 SYSTEMPATH\View\View.php(213): include('APPPATH\\Views\\finger_device.php')
 3 SYSTEMPATH\View\View.php(216): CodeIgniter\View\View->CodeIgniter\View\{closure}()
 4 SYSTEMPATH\Common.php(1184): CodeIgniter\View\View->render('finger_device', [], true)
 5 APPPATH\Controllers\Finger.php(46): view('finger_device', [...])
 6 SYSTEMPATH\CodeIgniter.php(934): App\Controllers\Finger->get_mesin('FCPATH\\adminlte', 'plugins', 'jqvmap', 'jquery.vmap.min.js')
 7 SYSTEMPATH\CodeIgniter.php(499): CodeIgniter\CodeIgniter->runController(Object(App\Controllers\Finger))
 8 SYSTEMPATH\CodeIgniter.php(368): CodeIgniter\CodeIgniter->handleRequest(null, Object(Config\Cache), false)
 9 FCPATH\index.php(67): CodeIgniter\CodeIgniter->run()
CRITICAL - 2023-03-28 04:36:02 --> Trying to access array offset on value of type null
in APPPATH\Views\finger_device.php on line 18.
 1 APPPATH\Views\finger_device.php(18): CodeIgniter\Debug\Exceptions->errorHandler(2, 'Trying to access array offset on value of type null', 'APPPATH\\Views\\finger_device.php', 18)
 2 SYSTEMPATH\View\View.php(213): include('APPPATH\\Views\\finger_device.php')
 3 SYSTEMPATH\View\View.php(216): CodeIgniter\View\View->CodeIgniter\View\{closure}()
 4 SYSTEMPATH\Common.php(1184): CodeIgniter\View\View->render('finger_device', [], true)
 5 APPPATH\Controllers\Finger.php(46): view('finger_device', [...])
 6 SYSTEMPATH\CodeIgniter.php(934): App\Controllers\Finger->get_mesin('FCPATH\\adminlte', 'plugins', 'bootstrap', 'js', 'bootstrap.bundle.min.js')
 7 SYSTEMPATH\CodeIgniter.php(499): CodeIgniter\CodeIgniter->runController(Object(App\Controllers\Finger))
 8 SYSTEMPATH\CodeIgniter.php(368): CodeIgniter\CodeIgniter->handleRequest(null, Object(Config\Cache), false)
 9 FCPATH\index.php(67): CodeIgniter\CodeIgniter->run()
CRITICAL - 2023-03-28 04:36:02 --> Trying to access array offset on value of type null
in APPPATH\Views\finger_device.php on line 18.
 1 APPPATH\Views\finger_device.php(18): CodeIgniter\Debug\Exceptions->errorHandler(2, 'Trying to access array offset on value of type null', 'APPPATH\\Views\\finger_device.php', 18)
 2 SYSTEMPATH\View\View.php(213): include('APPPATH\\Views\\finger_device.php')
 3 SYSTEMPATH\View\View.php(216): CodeIgniter\View\View->CodeIgniter\View\{closure}()
 4 SYSTEMPATH\Common.php(1184): CodeIgniter\View\View->render('finger_device', [], true)
 5 APPPATH\Controllers\Finger.php(46): view('finger_device', [...])
 6 SYSTEMPATH\CodeIgniter.php(934): App\Controllers\Finger->get_mesin('FCPATH\\adminlte', 'plugins', 'chart.js', 'Chart.min.js')
 7 SYSTEMPATH\CodeIgniter.php(499): CodeIgniter\CodeIgniter->runController(Object(App\Controllers\Finger))
 8 SYSTEMPATH\CodeIgniter.php(368): CodeIgniter\CodeIgniter->handleRequest(null, Object(Config\Cache), false)
 9 FCPATH\index.php(67): CodeIgniter\CodeIgniter->run()
CRITICAL - 2023-03-28 04:36:02 --> Trying to access array offset on value of type null
in APPPATH\Views\finger_device.php on line 18.
 1 APPPATH\Views\finger_device.php(18): CodeIgniter\Debug\Exceptions->errorHandler(2, 'Trying to access array offset on value of type null', 'APPPATH\\Views\\finger_device.php', 18)
 2 SYSTEMPATH\View\View.php(213): include('APPPATH\\Views\\finger_device.php')
 3 SYSTEMPATH\View\View.php(216): CodeIgniter\View\View->CodeIgniter\View\{closure}()
 4 SYSTEMPATH\Common.php(1184): CodeIgniter\View\View->render('finger_device', [], true)
 5 APPPATH\Controllers\Finger.php(46): view('finger_device', [...])
 6 SYSTEMPATH\CodeIgniter.php(934): App\Controllers\Finger->get_mesin('FCPATH\\adminlte', 'plugins', 'jqvmap', 'maps', 'jquery.vmap.usa.js')
 7 SYSTEMPATH\CodeIgniter.php(499): CodeIgniter\CodeIgniter->runController(Object(App\Controllers\Finger))
 8 SYSTEMPATH\CodeIgniter.php(368): CodeIgniter\CodeIgniter->handleRequest(null, Object(Config\Cache), false)
 9 FCPATH\index.php(67): CodeIgniter\CodeIgniter->run()
CRITICAL - 2023-03-28 04:36:02 --> Trying to access array offset on value of type null
in APPPATH\Views\finger_device.php on line 18.
 1 APPPATH\Views\finger_device.php(18): CodeIgniter\Debug\Exceptions->errorHandler(2, 'Trying to access array offset on value of type null', 'APPPATH\\Views\\finger_device.php', 18)
 2 SYSTEMPATH\View\View.php(213): include('APPPATH\\Views\\finger_device.php')
 3 SYSTEMPATH\View\View.php(216): CodeIgniter\View\View->CodeIgniter\View\{closure}()
 4 SYSTEMPATH\Common.php(1184): CodeIgniter\View\View->render('finger_device', [], true)
 5 APPPATH\Controllers\Finger.php(46): view('finger_device', [...])
 6 SYSTEMPATH\CodeIgniter.php(934): App\Controllers\Finger->get_mesin('FCPATH\\assets', 'images', 'ugm', 'ugm-blok.png')
 7 SYSTEMPATH\CodeIgniter.php(499): CodeIgniter\CodeIgniter->runController(Object(App\Controllers\Finger))
 8 SYSTEMPATH\CodeIgniter.php(368): CodeIgniter\CodeIgniter->handleRequest(null, Object(Config\Cache), false)
 9 FCPATH\index.php(67): CodeIgniter\CodeIgniter->run()
CRITICAL - 2023-03-28 04:36:02 --> Trying to access array offset on value of type null
in APPPATH\Views\finger_device.php on line 18.
 1 APPPATH\Views\finger_device.php(18): CodeIgniter\Debug\Exceptions->errorHandler(2, 'Trying to access array offset on value of type null', 'APPPATH\\Views\\finger_device.php', 18)
 2 SYSTEMPATH\View\View.php(213): include('APPPATH\\Views\\finger_device.php')
 3 SYSTEMPATH\View\View.php(216): CodeIgniter\View\View->CodeIgniter\View\{closure}()
 4 SYSTEMPATH\Common.php(1184): CodeIgniter\View\View->render('finger_device', [], true)
 5 APPPATH\Controllers\Finger.php(46): view('finger_device', [...])
 6 SYSTEMPATH\CodeIgniter.php(934): App\Controllers\Finger->get_mesin('FCPATH\\assets', 'images', 'ugm', 'ugm.png')
 7 SYSTEMPATH\CodeIgniter.php(499): CodeIgniter\CodeIgniter->runController(Object(App\Controllers\Finger))
 8 SYSTEMPATH\CodeIgniter.php(368): CodeIgniter\CodeIgniter->handleRequest(null, Object(Config\Cache), false)
 9 FCPATH\index.php(67): CodeIgniter\CodeIgniter->run()
CRITICAL - 2023-03-28 04:36:02 --> Trying to access array offset on value of type null
in APPPATH\Views\finger_device.php on line 18.
 1 APPPATH\Views\finger_device.php(18): CodeIgniter\Debug\Exceptions->errorHandler(2, 'Trying to access array offset on value of type null', 'APPPATH\\Views\\finger_device.php', 18)
 2 SYSTEMPATH\View\View.php(213): include('APPPATH\\Views\\finger_device.php')
 3 SYSTEMPATH\View\View.php(216): CodeIgniter\View\View->CodeIgniter\View\{closure}()
 4 SYSTEMPATH\Common.php(1184): CodeIgniter\View\View->render('finger_device', [], true)
 5 APPPATH\Controllers\Finger.php(46): view('finger_device', [...])
 6 SYSTEMPATH\CodeIgniter.php(934): App\Controllers\Finger->get_mesin('FCPATH\\adminlte', 'plugins', 'jquery-knob', 'jquery.knob.min.js')
 7 SYSTEMPATH\CodeIgniter.php(499): CodeIgniter\CodeIgniter->runController(Object(App\Controllers\Finger))
 8 SYSTEMPATH\CodeIgniter.php(368): CodeIgniter\CodeIgniter->handleRequest(null, Object(Config\Cache), false)
 9 FCPATH\index.php(67): CodeIgniter\CodeIgniter->run()
CRITICAL - 2023-03-28 04:36:02 --> Trying to access array offset on value of type null
in APPPATH\Views\finger_device.php on line 18.
 1 APPPATH\Views\finger_device.php(18): CodeIgniter\Debug\Exceptions->errorHandler(2, 'Trying to access array offset on value of type null', 'APPPATH\\Views\\finger_device.php', 18)
 2 SYSTEMPATH\View\View.php(213): include('APPPATH\\Views\\finger_device.php')
 3 SYSTEMPATH\View\View.php(216): CodeIgniter\View\View->CodeIgniter\View\{closure}()
 4 SYSTEMPATH\Common.php(1184): CodeIgniter\View\View->render('finger_device', [], true)
 5 APPPATH\Controllers\Finger.php(46): view('finger_device', [...])
 6 SYSTEMPATH\CodeIgniter.php(934): App\Controllers\Finger->get_mesin('FCPATH\\assets', 'images', 'ugm', 'user-icon.png')
 7 SYSTEMPATH\CodeIgniter.php(499): CodeIgniter\CodeIgniter->runController(Object(App\Controllers\Finger))
 8 SYSTEMPATH\CodeIgniter.php(368): CodeIgniter\CodeIgniter->handleRequest(null, Object(Config\Cache), false)
 9 FCPATH\index.php(67): CodeIgniter\CodeIgniter->run()
CRITICAL - 2023-03-28 04:36:02 --> Trying to access array offset on value of type null
in APPPATH\Views\finger_device.php on line 18.
 1 APPPATH\Views\finger_device.php(18): CodeIgniter\Debug\Exceptions->errorHandler(2, 'Trying to access array offset on value of type null', 'APPPATH\\Views\\finger_device.php', 18)
 2 SYSTEMPATH\View\View.php(213): include('APPPATH\\Views\\finger_device.php')
 3 SYSTEMPATH\View\View.php(216): CodeIgniter\View\View->CodeIgniter\View\{closure}()
 4 SYSTEMPATH\Common.php(1184): CodeIgniter\View\View->render('finger_device', [], true)
 5 APPPATH\Controllers\Finger.php(46): view('finger_device', [...])
 6 SYSTEMPATH\CodeIgniter.php(934): App\Controllers\Finger->get_mesin('FCPATH\\adminlte', 'plugins', 'moment', 'moment.min.js')
 7 SYSTEMPATH\CodeIgniter.php(499): CodeIgniter\CodeIgniter->runController(Object(App\Controllers\Finger))
 8 SYSTEMPATH\CodeIgniter.php(368): CodeIgniter\CodeIgniter->handleRequest(null, Object(Config\Cache), false)
 9 FCPATH\index.php(67): CodeIgniter\CodeIgniter->run()
CRITICAL - 2023-03-28 04:36:02 --> Trying to access array offset on value of type null
in APPPATH\Views\finger_device.php on line 18.
 1 APPPATH\Views\finger_device.php(18): CodeIgniter\Debug\Exceptions->errorHandler(2, 'Trying to access array offset on value of type null', 'APPPATH\\Views\\finger_device.php', 18)
 2 SYSTEMPATH\View\View.php(213): include('APPPATH\\Views\\finger_device.php')
 3 SYSTEMPATH\View\View.php(216): CodeIgniter\View\View->CodeIgniter\View\{closure}()
 4 SYSTEMPATH\Common.php(1184): CodeIgniter\View\View->render('finger_device', [], true)
 5 APPPATH\Controllers\Finger.php(46): view('finger_device', [...])
 6 SYSTEMPATH\CodeIgniter.php(934): App\Controllers\Finger->get_mesin('FCPATH\\adminlte', 'plugins', 'daterangepicker', 'daterangepicker.js')
 7 SYSTEMPATH\CodeIgniter.php(499): CodeIgniter\CodeIgniter->runController(Object(App\Controllers\Finger))
 8 SYSTEMPATH\CodeIgniter.php(368): CodeIgniter\CodeIgniter->handleRequest(null, Object(Config\Cache), false)
 9 FCPATH\index.php(67): CodeIgniter\CodeIgniter->run()
CRITICAL - 2023-03-28 04:36:02 --> Trying to access array offset on value of type null
in APPPATH\Views\finger_device.php on line 18.
 1 APPPATH\Views\finger_device.php(18): CodeIgniter\Debug\Exceptions->errorHandler(2, 'Trying to access array offset on value of type null', 'APPPATH\\Views\\finger_device.php', 18)
 2 SYSTEMPATH\View\View.php(213): include('APPPATH\\Views\\finger_device.php')
 3 SYSTEMPATH\View\View.php(216): CodeIgniter\View\View->CodeIgniter\View\{closure}()
 4 SYSTEMPATH\Common.php(1184): CodeIgniter\View\View->render('finger_device', [], true)
 5 APPPATH\Controllers\Finger.php(46): view('finger_device', [...])
 6 SYSTEMPATH\CodeIgniter.php(934): App\Controllers\Finger->get_mesin('FCPATH\\adminlte', 'plugins', 'summernote', 'summernote-bs4.min.js')
 7 SYSTEMPATH\CodeIgniter.php(499): CodeIgniter\CodeIgniter->runController(Object(App\Controllers\Finger))
 8 SYSTEMPATH\CodeIgniter.php(368): CodeIgniter\CodeIgniter->handleRequest(null, Object(Config\Cache), false)
 9 FCPATH\index.php(67): CodeIgniter\CodeIgniter->run()
CRITICAL - 2023-03-28 04:36:02 --> Trying to access array offset on value of type null
in APPPATH\Views\finger_device.php on line 18.
 1 APPPATH\Views\finger_device.php(18): CodeIgniter\Debug\Exceptions->errorHandler(2, 'Trying to access array offset on value of type null', 'APPPATH\\Views\\finger_device.php', 18)
 2 SYSTEMPATH\View\View.php(213): include('APPPATH\\Views\\finger_device.php')
 3 SYSTEMPATH\View\View.php(216): CodeIgniter\View\View->CodeIgniter\View\{closure}()
 4 SYSTEMPATH\Common.php(1184): CodeIgniter\View\View->render('finger_device', [], true)
 5 APPPATH\Controllers\Finger.php(46): view('finger_device', [...])
 6 SYSTEMPATH\CodeIgniter.php(934): App\Controllers\Finger->get_mesin('FCPATH\\adminlte', 'plugins', 'overlayScrollbars', 'js', 'jquery.overlayScrollbars.min.js')
 7 SYSTEMPATH\CodeIgniter.php(499): CodeIgniter\CodeIgniter->runController(Object(App\Controllers\Finger))
 8 SYSTEMPATH\CodeIgniter.php(368): CodeIgniter\CodeIgniter->handleRequest(null, Object(Config\Cache), false)
 9 FCPATH\index.php(67): CodeIgniter\CodeIgniter->run()
CRITICAL - 2023-03-28 04:36:02 --> Trying to access array offset on value of type null
in APPPATH\Views\finger_device.php on line 18.
 1 APPPATH\Views\finger_device.php(18): CodeIgniter\Debug\Exceptions->errorHandler(2, 'Trying to access array offset on value of type null', 'APPPATH\\Views\\finger_device.php', 18)
 2 SYSTEMPATH\View\View.php(213): include('APPPATH\\Views\\finger_device.php')
 3 SYSTEMPATH\View\View.php(216): CodeIgniter\View\View->CodeIgniter\View\{closure}()
 4 SYSTEMPATH\Common.php(1184): CodeIgniter\View\View->render('finger_device', [], true)
 5 APPPATH\Controllers\Finger.php(46): view('finger_device', [...])
 6 SYSTEMPATH\CodeIgniter.php(934): App\Controllers\Finger->get_mesin('FCPATH\\adminlte', 'plugins', 'tempusdominus-bootstrap-4', 'js', 'tempusdominus-bootstrap-4.min.js')
 7 SYSTEMPATH\CodeIgniter.php(499): CodeIgniter\CodeIgniter->runController(Object(App\Controllers\Finger))
 8 SYSTEMPATH\CodeIgniter.php(368): CodeIgniter\CodeIgniter->handleRequest(null, Object(Config\Cache), false)
 9 FCPATH\index.php(67): CodeIgniter\CodeIgniter->run()
CRITICAL - 2023-03-28 04:36:02 --> Trying to access array offset on value of type null
in APPPATH\Views\finger_device.php on line 18.
 1 APPPATH\Views\finger_device.php(18): CodeIgniter\Debug\Exceptions->errorHandler(2, 'Trying to access array offset on value of type null', 'APPPATH\\Views\\finger_device.php', 18)
 2 SYSTEMPATH\View\View.php(213): include('APPPATH\\Views\\finger_device.php')
 3 SYSTEMPATH\View\View.php(216): CodeIgniter\View\View->CodeIgniter\View\{closure}()
 4 SYSTEMPATH\Common.php(1184): CodeIgniter\View\View->render('finger_device', [], true)
 5 APPPATH\Controllers\Finger.php(46): view('finger_device', [...])
 6 SYSTEMPATH\CodeIgniter.php(934): App\Controllers\Finger->get_mesin('FCPATH\\adminlte', 'dist', 'js', 'adminlte.js')
 7 SYSTEMPATH\CodeIgniter.php(499): CodeIgniter\CodeIgniter->runController(Object(App\Controllers\Finger))
 8 SYSTEMPATH\CodeIgniter.php(368): CodeIgniter\CodeIgniter->handleRequest(null, Object(Config\Cache), false)
 9 FCPATH\index.php(67): CodeIgniter\CodeIgniter->run()
CRITICAL - 2023-03-28 04:36:02 --> Trying to access array offset on value of type null
in APPPATH\Views\finger_device.php on line 18.
 1 APPPATH\Views\finger_device.php(18): CodeIgniter\Debug\Exceptions->errorHandler(2, 'Trying to access array offset on value of type null', 'APPPATH\\Views\\finger_device.php', 18)
 2 SYSTEMPATH\View\View.php(213): include('APPPATH\\Views\\finger_device.php')
 3 SYSTEMPATH\View\View.php(216): CodeIgniter\View\View->CodeIgniter\View\{closure}()
 4 SYSTEMPATH\Common.php(1184): CodeIgniter\View\View->render('finger_device', [], true)
 5 APPPATH\Controllers\Finger.php(46): view('finger_device', [...])
 6 SYSTEMPATH\CodeIgniter.php(934): App\Controllers\Finger->get_mesin('FCPATH\\adminlte', 'dist', 'js', 'pages', 'dashboard.js')
 7 SYSTEMPATH\CodeIgniter.php(499): CodeIgniter\CodeIgniter->runController(Object(App\Controllers\Finger))
 8 SYSTEMPATH\CodeIgniter.php(368): CodeIgniter\CodeIgniter->handleRequest(null, Object(Config\Cache), false)
 9 FCPATH\index.php(67): CodeIgniter\CodeIgniter->run()
CRITICAL - 2023-03-28 04:36:03 --> Trying to access array offset on value of type null
in APPPATH\Views\finger_device.php on line 18.
 1 APPPATH\Views\finger_device.php(18): CodeIgniter\Debug\Exceptions->errorHandler(2, 'Trying to access array offset on value of type null', 'APPPATH\\Views\\finger_device.php', 18)
 2 SYSTEMPATH\View\View.php(213): include('APPPATH\\Views\\finger_device.php')
 3 SYSTEMPATH\View\View.php(216): CodeIgniter\View\View->CodeIgniter\View\{closure}()
 4 SYSTEMPATH\Common.php(1184): CodeIgniter\View\View->render('finger_device', [], true)
 5 APPPATH\Controllers\Finger.php(46): view('finger_device', [...])
 6 SYSTEMPATH\CodeIgniter.php(934): App\Controllers\Finger->get_mesin('FCPATH\\assets', 'images', 'ugm', 'FCPATH\\favicon.ico')
 7 SYSTEMPATH\CodeIgniter.php(499): CodeIgniter\CodeIgniter->runController(Object(App\Controllers\Finger))
 8 SYSTEMPATH\CodeIgniter.php(368): CodeIgniter\CodeIgniter->handleRequest(null, Object(Config\Cache), false)
 9 FCPATH\index.php(67): CodeIgniter\CodeIgniter->run()
INFO - 2023-03-28 04:37:22 --> CSRF token verified.
CRITICAL - 2023-03-28 04:37:22 --> Invalid file: "Home.php"
in SYSTEMPATH\Exceptions\FrameworkException.php on line 33.
 1 SYSTEMPATH\View\View.php(201): CodeIgniter\Exceptions\FrameworkException::forInvalidFile('Home.php')
 2 SYSTEMPATH\Common.php(1184): CodeIgniter\View\View->render('Home', [], true)
 3 APPPATH\Controllers\Finger.php(56): view('Home', [...])
 4 SYSTEMPATH\CodeIgniter.php(934): App\Controllers\Finger->get_log()
 5 SYSTEMPATH\CodeIgniter.php(499): CodeIgniter\CodeIgniter->runController(Object(App\Controllers\Finger))
 6 SYSTEMPATH\CodeIgniter.php(368): CodeIgniter\CodeIgniter->handleRequest(null, Object(Config\Cache), false)
 7 FCPATH\index.php(67): CodeIgniter\CodeIgniter->run()
CRITICAL - 2023-03-28 07:07:53 --> The action you requested is not allowed.
in SYSTEMPATH\Security\Security.php on line 306.
 1 SYSTEMPATH\Security\Security.php(306): CodeIgniter\Security\Exceptions\SecurityException::forDisallowedAction()
 2 SYSTEMPATH\Filters\CSRF.php(55): CodeIgniter\Security\Security->verify(Object(CodeIgniter\HTTP\IncomingRequest))
 3 SYSTEMPATH\Filters\Filters.php(173): CodeIgniter\Filters\CSRF->before(Object(CodeIgniter\HTTP\IncomingRequest), null)
 4 SYSTEMPATH\CodeIgniter.php(473): CodeIgniter\Filters\Filters->run('finger/get_log', 'before')
 5 SYSTEMPATH\CodeIgniter.php(368): CodeIgniter\CodeIgniter->handleRequest(null, Object(Config\Cache), false)
 6 FCPATH\index.php(67): CodeIgniter\CodeIgniter->run()
CRITICAL - 2023-03-28 07:07:55 --> The action you requested is not allowed.
in SYSTEMPATH\Security\Security.php on line 306.
 1 SYSTEMPATH\Security\Security.php(306): CodeIgniter\Security\Exceptions\SecurityException::forDisallowedAction()
 2 SYSTEMPATH\Filters\CSRF.php(55): CodeIgniter\Security\Security->verify(Object(CodeIgniter\HTTP\IncomingRequest))
 3 SYSTEMPATH\Filters\Filters.php(173): CodeIgniter\Filters\CSRF->before(Object(CodeIgniter\HTTP\IncomingRequest), null)
 4 SYSTEMPATH\CodeIgniter.php(473): CodeIgniter\Filters\Filters->run('finger/get_log', 'before')
 5 SYSTEMPATH\CodeIgniter.php(368): CodeIgniter\CodeIgniter->handleRequest(null, Object(Config\Cache), false)
 6 FCPATH\index.php(67): CodeIgniter\CodeIgniter->run()
CRITICAL - 2023-03-28 07:07:55 --> The action you requested is not allowed.
in SYSTEMPATH\Security\Security.php on line 306.
 1 SYSTEMPATH\Security\Security.php(306): CodeIgniter\Security\Exceptions\SecurityException::forDisallowedAction()
 2 SYSTEMPATH\Filters\CSRF.php(55): CodeIgniter\Security\Security->verify(Object(CodeIgniter\HTTP\IncomingRequest))
 3 SYSTEMPATH\Filters\Filters.php(173): CodeIgniter\Filters\CSRF->before(Object(CodeIgniter\HTTP\IncomingRequest), null)
 4 SYSTEMPATH\CodeIgniter.php(473): CodeIgniter\Filters\Filters->run('finger/get_log', 'before')
 5 SYSTEMPATH\CodeIgniter.php(368): CodeIgniter\CodeIgniter->handleRequest(null, Object(Config\Cache), false)
 6 FCPATH\index.php(67): CodeIgniter\CodeIgniter->run()
CRITICAL - 2023-03-28 07:07:55 --> The action you requested is not allowed.
in SYSTEMPATH\Security\Security.php on line 306.
 1 SYSTEMPATH\Security\Security.php(306): CodeIgniter\Security\Exceptions\SecurityException::forDisallowedAction()
 2 SYSTEMPATH\Filters\CSRF.php(55): CodeIgniter\Security\Security->verify(Object(CodeIgniter\HTTP\IncomingRequest))
 3 SYSTEMPATH\Filters\Filters.php(173): CodeIgniter\Filters\CSRF->before(Object(CodeIgniter\HTTP\IncomingRequest), null)
 4 SYSTEMPATH\CodeIgniter.php(473): CodeIgniter\Filters\Filters->run('finger/get_log', 'before')
 5 SYSTEMPATH\CodeIgniter.php(368): CodeIgniter\CodeIgniter->handleRequest(null, Object(Config\Cache), false)
 6 FCPATH\index.php(67): CodeIgniter\CodeIgniter->run()
CRITICAL - 2023-03-28 07:07:56 --> The action you requested is not allowed.
in SYSTEMPATH\Security\Security.php on line 306.
 1 SYSTEMPATH\Security\Security.php(306): CodeIgniter\Security\Exceptions\SecurityException::forDisallowedAction()
 2 SYSTEMPATH\Filters\CSRF.php(55): CodeIgniter\Security\Security->verify(Object(CodeIgniter\HTTP\IncomingRequest))
 3 SYSTEMPATH\Filters\Filters.php(173): CodeIgniter\Filters\CSRF->before(Object(CodeIgniter\HTTP\IncomingRequest), null)
 4 SYSTEMPATH\CodeIgniter.php(473): CodeIgniter\Filters\Filters->run('finger/get_log', 'before')
 5 SYSTEMPATH\CodeIgniter.php(368): CodeIgniter\CodeIgniter->handleRequest(null, Object(Config\Cache), false)
 6 FCPATH\index.php(67): CodeIgniter\CodeIgniter->run()
CRITICAL - 2023-03-28 07:07:56 --> The action you requested is not allowed.
in SYSTEMPATH\Security\Security.php on line 306.
 1 SYSTEMPATH\Security\Security.php(306): CodeIgniter\Security\Exceptions\SecurityException::forDisallowedAction()
 2 SYSTEMPATH\Filters\CSRF.php(55): CodeIgniter\Security\Security->verify(Object(CodeIgniter\HTTP\IncomingRequest))
 3 SYSTEMPATH\Filters\Filters.php(173): CodeIgniter\Filters\CSRF->before(Object(CodeIgniter\HTTP\IncomingRequest), null)
 4 SYSTEMPATH\CodeIgniter.php(473): CodeIgniter\Filters\Filters->run('finger/get_log', 'before')
 5 SYSTEMPATH\CodeIgniter.php(368): CodeIgniter\CodeIgniter->handleRequest(null, Object(Config\Cache), false)
 6 FCPATH\index.php(67): CodeIgniter\CodeIgniter->run()
CRITICAL - 2023-03-28 07:07:56 --> The action you requested is not allowed.
in SYSTEMPATH\Security\Security.php on line 306.
 1 SYSTEMPATH\Security\Security.php(306): CodeIgniter\Security\Exceptions\SecurityException::forDisallowedAction()
 2 SYSTEMPATH\Filters\CSRF.php(55): CodeIgniter\Security\Security->verify(Object(CodeIgniter\HTTP\IncomingRequest))
 3 SYSTEMPATH\Filters\Filters.php(173): CodeIgniter\Filters\CSRF->before(Object(CodeIgniter\HTTP\IncomingRequest), null)
 4 SYSTEMPATH\CodeIgniter.php(473): CodeIgniter\Filters\Filters->run('finger/get_log', 'before')
 5 SYSTEMPATH\CodeIgniter.php(368): CodeIgniter\CodeIgniter->handleRequest(null, Object(Config\Cache), false)
 6 FCPATH\index.php(67): CodeIgniter\CodeIgniter->run()
CRITICAL - 2023-03-28 07:07:56 --> The action you requested is not allowed.
in SYSTEMPATH\Security\Security.php on line 306.
 1 SYSTEMPATH\Security\Security.php(306): CodeIgniter\Security\Exceptions\SecurityException::forDisallowedAction()
 2 SYSTEMPATH\Filters\CSRF.php(55): CodeIgniter\Security\Security->verify(Object(CodeIgniter\HTTP\IncomingRequest))
 3 SYSTEMPATH\Filters\Filters.php(173): CodeIgniter\Filters\CSRF->before(Object(CodeIgniter\HTTP\IncomingRequest), null)
 4 SYSTEMPATH\CodeIgniter.php(473): CodeIgniter\Filters\Filters->run('finger/get_log', 'before')
 5 SYSTEMPATH\CodeIgniter.php(368): CodeIgniter\CodeIgniter->handleRequest(null, Object(Config\Cache), false)
 6 FCPATH\index.php(67): CodeIgniter\CodeIgniter->run()
CRITICAL - 2023-03-28 07:07:56 --> The action you requested is not allowed.
in SYSTEMPATH\Security\Security.php on line 306.
 1 SYSTEMPATH\Security\Security.php(306): CodeIgniter\Security\Exceptions\SecurityException::forDisallowedAction()
 2 SYSTEMPATH\Filters\CSRF.php(55): CodeIgniter\Security\Security->verify(Object(CodeIgniter\HTTP\IncomingRequest))
 3 SYSTEMPATH\Filters\Filters.php(173): CodeIgniter\Filters\CSRF->before(Object(CodeIgniter\HTTP\IncomingRequest), null)
 4 SYSTEMPATH\CodeIgniter.php(473): CodeIgniter\Filters\Filters->run('finger/get_log', 'before')
 5 SYSTEMPATH\CodeIgniter.php(368): CodeIgniter\CodeIgniter->handleRequest(null, Object(Config\Cache), false)
 6 FCPATH\index.php(67): CodeIgniter\CodeIgniter->run()
CRITICAL - 2023-03-28 07:07:59 --> The action you requested is not allowed.
in SYSTEMPATH\Security\Security.php on line 306.
 1 SYSTEMPATH\Security\Security.php(306): CodeIgniter\Security\Exceptions\SecurityException::forDisallowedAction()
 2 SYSTEMPATH\Filters\CSRF.php(55): CodeIgniter\Security\Security->verify(Object(CodeIgniter\HTTP\IncomingRequest))
 3 SYSTEMPATH\Filters\Filters.php(173): CodeIgniter\Filters\CSRF->before(Object(CodeIgniter\HTTP\IncomingRequest), null)
 4 SYSTEMPATH\CodeIgniter.php(473): CodeIgniter\Filters\Filters->run('finger/get_log', 'before')
 5 SYSTEMPATH\CodeIgniter.php(368): CodeIgniter\CodeIgniter->handleRequest(null, Object(Config\Cache), false)
 6 FCPATH\index.php(67): CodeIgniter\CodeIgniter->run()
CRITICAL - 2023-03-28 07:08:00 --> The action you requested is not allowed.
in SYSTEMPATH\Security\Security.php on line 306.
 1 SYSTEMPATH\Security\Security.php(306): CodeIgniter\Security\Exceptions\SecurityException::forDisallowedAction()
 2 SYSTEMPATH\Filters\CSRF.php(55): CodeIgniter\Security\Security->verify(Object(CodeIgniter\HTTP\IncomingRequest))
 3 SYSTEMPATH\Filters\Filters.php(173): CodeIgniter\Filters\CSRF->before(Object(CodeIgniter\HTTP\IncomingRequest), null)
 4 SYSTEMPATH\CodeIgniter.php(473): CodeIgniter\Filters\Filters->run('finger/get_log', 'before')
 5 SYSTEMPATH\CodeIgniter.php(368): CodeIgniter\CodeIgniter->handleRequest(null, Object(Config\Cache), false)
 6 FCPATH\index.php(67): CodeIgniter\CodeIgniter->run()
CRITICAL - 2023-03-28 07:08:00 --> The action you requested is not allowed.
in SYSTEMPATH\Security\Security.php on line 306.
 1 SYSTEMPATH\Security\Security.php(306): CodeIgniter\Security\Exceptions\SecurityException::forDisallowedAction()
 2 SYSTEMPATH\Filters\CSRF.php(55): CodeIgniter\Security\Security->verify(Object(CodeIgniter\HTTP\IncomingRequest))
 3 SYSTEMPATH\Filters\Filters.php(173): CodeIgniter\Filters\CSRF->before(Object(CodeIgniter\HTTP\IncomingRequest), null)
 4 SYSTEMPATH\CodeIgniter.php(473): CodeIgniter\Filters\Filters->run('finger/get_log', 'before')
 5 SYSTEMPATH\CodeIgniter.php(368): CodeIgniter\CodeIgniter->handleRequest(null, Object(Config\Cache), false)
 6 FCPATH\index.php(67): CodeIgniter\CodeIgniter->run()
CRITICAL - 2023-03-28 07:08:00 --> The action you requested is not allowed.
in SYSTEMPATH\Security\Security.php on line 306.
 1 SYSTEMPATH\Security\Security.php(306): CodeIgniter\Security\Exceptions\SecurityException::forDisallowedAction()
 2 SYSTEMPATH\Filters\CSRF.php(55): CodeIgniter\Security\Security->verify(Object(CodeIgniter\HTTP\IncomingRequest))
 3 SYSTEMPATH\Filters\Filters.php(173): CodeIgniter\Filters\CSRF->before(Object(CodeIgniter\HTTP\IncomingRequest), null)
 4 SYSTEMPATH\CodeIgniter.php(473): CodeIgniter\Filters\Filters->run('finger/get_log', 'before')
 5 SYSTEMPATH\CodeIgniter.php(368): CodeIgniter\CodeIgniter->handleRequest(null, Object(Config\Cache), false)
 6 FCPATH\index.php(67): CodeIgniter\CodeIgniter->run()
CRITICAL - 2023-03-28 07:08:00 --> The action you requested is not allowed.
in SYSTEMPATH\Security\Security.php on line 306.
 1 SYSTEMPATH\Security\Security.php(306): CodeIgniter\Security\Exceptions\SecurityException::forDisallowedAction()
 2 SYSTEMPATH\Filters\CSRF.php(55): CodeIgniter\Security\Security->verify(Object(CodeIgniter\HTTP\IncomingRequest))
 3 SYSTEMPATH\Filters\Filters.php(173): CodeIgniter\Filters\CSRF->before(Object(CodeIgniter\HTTP\IncomingRequest), null)
 4 SYSTEMPATH\CodeIgniter.php(473): CodeIgniter\Filters\Filters->run('finger/get_log', 'before')
 5 SYSTEMPATH\CodeIgniter.php(368): CodeIgniter\CodeIgniter->handleRequest(null, Object(Config\Cache), false)
 6 FCPATH\index.php(67): CodeIgniter\CodeIgniter->run()
CRITICAL - 2023-03-28 07:08:00 --> The action you requested is not allowed.
in SYSTEMPATH\Security\Security.php on line 306.
 1 SYSTEMPATH\Security\Security.php(306): CodeIgniter\Security\Exceptions\SecurityException::forDisallowedAction()
 2 SYSTEMPATH\Filters\CSRF.php(55): CodeIgniter\Security\Security->verify(Object(CodeIgniter\HTTP\IncomingRequest))
 3 SYSTEMPATH\Filters\Filters.php(173): CodeIgniter\Filters\CSRF->before(Object(CodeIgniter\HTTP\IncomingRequest), null)
 4 SYSTEMPATH\CodeIgniter.php(473): CodeIgniter\Filters\Filters->run('finger/get_log', 'before')
 5 SYSTEMPATH\CodeIgniter.php(368): CodeIgniter\CodeIgniter->handleRequest(null, Object(Config\Cache), false)
 6 FCPATH\index.php(67): CodeIgniter\CodeIgniter->run()
CRITICAL - 2023-03-28 07:08:00 --> The action you requested is not allowed.
in SYSTEMPATH\Security\Security.php on line 306.
 1 SYSTEMPATH\Security\Security.php(306): CodeIgniter\Security\Exceptions\SecurityException::forDisallowedAction()
 2 SYSTEMPATH\Filters\CSRF.php(55): CodeIgniter\Security\Security->verify(Object(CodeIgniter\HTTP\IncomingRequest))
 3 SYSTEMPATH\Filters\Filters.php(173): CodeIgniter\Filters\CSRF->before(Object(CodeIgniter\HTTP\IncomingRequest), null)
 4 SYSTEMPATH\CodeIgniter.php(473): CodeIgniter\Filters\Filters->run('finger/get_log', 'before')
 5 SYSTEMPATH\CodeIgniter.php(368): CodeIgniter\CodeIgniter->handleRequest(null, Object(Config\Cache), false)
 6 FCPATH\index.php(67): CodeIgniter\CodeIgniter->run()
CRITICAL - 2023-03-28 07:08:01 --> The action you requested is not allowed.
in SYSTEMPATH\Security\Security.php on line 306.
 1 SYSTEMPATH\Security\Security.php(306): CodeIgniter\Security\Exceptions\SecurityException::forDisallowedAction()
 2 SYSTEMPATH\Filters\CSRF.php(55): CodeIgniter\Security\Security->verify(Object(CodeIgniter\HTTP\IncomingRequest))
 3 SYSTEMPATH\Filters\Filters.php(173): CodeIgniter\Filters\CSRF->before(Object(CodeIgniter\HTTP\IncomingRequest), null)
 4 SYSTEMPATH\CodeIgniter.php(473): CodeIgniter\Filters\Filters->run('finger/get_log', 'before')
 5 SYSTEMPATH\CodeIgniter.php(368): CodeIgniter\CodeIgniter->handleRequest(null, Object(Config\Cache), false)
 6 FCPATH\index.php(67): CodeIgniter\CodeIgniter->run()
CRITICAL - 2023-03-28 07:08:01 --> The action you requested is not allowed.
in SYSTEMPATH\Security\Security.php on line 306.
 1 SYSTEMPATH\Security\Security.php(306): CodeIgniter\Security\Exceptions\SecurityException::forDisallowedAction()
 2 SYSTEMPATH\Filters\CSRF.php(55): CodeIgniter\Security\Security->verify(Object(CodeIgniter\HTTP\IncomingRequest))
 3 SYSTEMPATH\Filters\Filters.php(173): CodeIgniter\Filters\CSRF->before(Object(CodeIgniter\HTTP\IncomingRequest), null)
 4 SYSTEMPATH\CodeIgniter.php(473): CodeIgniter\Filters\Filters->run('finger/get_log', 'before')
 5 SYSTEMPATH\CodeIgniter.php(368): CodeIgniter\CodeIgniter->handleRequest(null, Object(Config\Cache), false)
 6 FCPATH\index.php(67): CodeIgniter\CodeIgniter->run()
