CRITICAL - 2023-07-14 03:25:17 --> The action you requested is not allowed.
in SYSTEMPATH\Security\Security.php on line 306.
 1 SYSTEMPATH\Security\Security.php(306): CodeIgniter\Security\Exceptions\SecurityException::forDisallowedAction()
 2 SYSTEMPATH\Filters\CSRF.php(55): CodeIgniter\Security\Security->verify(Object(CodeIgniter\HTTP\IncomingRequest))
 3 SYSTEMPATH\Filters\Filters.php(173): CodeIgniter\Filters\CSRF->before(Object(CodeIgniter\HTTP\IncomingRequest), null)
 4 SYSTEMPATH\CodeIgniter.php(473): CodeIgniter\Filters\Filters->run('finger/get_log', 'before')
 5 SYSTEMPATH\CodeIgniter.php(368): CodeIgniter\CodeIgniter->handleRequest(null, Object(Config\Cache), false)
 6 FCPATH\index.php(67): CodeIgniter\CodeIgniter->run()
INFO - 2023-07-14 03:25:49 --> CSRF token verified.
INFO - 2023-07-14 03:39:32 --> CSRF token verified.
INFO - 2023-07-14 03:42:03 --> CSRF token verified.
WARNING - 2023-07-14 03:42:03 --> [DEPRECATED] strpos(): Passing null to parameter #1 ($haystack) of type string is deprecated in ROOTPATH\soap\lib\TADResponse.php on line 367.
 1 ROOTPATH\soap\lib\TADResponse.php(367): strpos(null, '?>')
 2 ROOTPATH\soap\lib\TADResponse.php(67): TADPHP\TADResponse->extract_xml_header(null)
 3 ROOTPATH\soap\lib\Providers\TADSoap.php(112): TADPHP\TADResponse->__construct(null, 'iso8859-1')
 4 ROOTPATH\soap\lib\TAD.php(297): TADPHP\Providers\TADSoap->execute_soap_command('get_att_log', [...], 'iso8859-1')
 5 ROOTPATH\soap\lib\TAD.php(276): TADPHP\TAD->execute_command_via_tad_soap('get_att_log', [])
 6 APPPATH\Controllers\Finger.php(83): TADPHP\TAD->__call('get_att_log', [])
 7 SYSTEMPATH\CodeIgniter.php(934): App\Controllers\Finger->get_log()
 8 SYSTEMPATH\CodeIgniter.php(499): CodeIgniter\CodeIgniter->runController(Object(App\Controllers\Finger))
 9 SYSTEMPATH\CodeIgniter.php(368): CodeIgniter\CodeIgniter->handleRequest(null, Object(Config\Cache), false)
10 FCPATH\index.php(67): CodeIgniter\CodeIgniter->run()
WARNING - 2023-07-14 03:42:03 --> [DEPRECATED] str_replace(): Passing null to parameter #3 ($subject) of type array|string is deprecated in ROOTPATH\soap\lib\TADResponse.php on line 405.
 1 ROOTPATH\soap\lib\TADResponse.php(405): str_replace([...], 'ROOTPATH\\public', null)
 2 ROOTPATH\soap\lib\TADResponse.php(374): TADPHP\TADResponse->sanitize_xml_string(null)
 3 ROOTPATH\soap\lib\TADResponse.php(67): TADPHP\TADResponse->extract_xml_header(null)
 4 ROOTPATH\soap\lib\Providers\TADSoap.php(112): TADPHP\TADResponse->__construct(null, 'iso8859-1')
 5 ROOTPATH\soap\lib\TAD.php(297): TADPHP\Providers\TADSoap->execute_soap_command('get_att_log', [...], 'iso8859-1')
 6 ROOTPATH\soap\lib\TAD.php(276): TADPHP\TAD->execute_command_via_tad_soap('get_att_log', [])
 7 APPPATH\Controllers\Finger.php(83): TADPHP\TAD->__call('get_att_log', [])
 8 SYSTEMPATH\CodeIgniter.php(934): App\Controllers\Finger->get_log()
 9 SYSTEMPATH\CodeIgniter.php(499): CodeIgniter\CodeIgniter->runController(Object(App\Controllers\Finger))
10 SYSTEMPATH\CodeIgniter.php(368): CodeIgniter\CodeIgniter->handleRequest(null, Object(Config\Cache), false)
11 FCPATH\index.php(67): CodeIgniter\CodeIgniter->run()
CRITICAL - 2023-07-14 03:42:03 --> Undefined array key "Row"
in APPPATH\Controllers\Finger.php on line 93.
 1 APPPATH\Controllers\Finger.php(93): CodeIgniter\Debug\Exceptions->errorHandler(2, 'Undefined array key "Row"', 'APPPATH\\Controllers\\Finger.php', 93)
 2 SYSTEMPATH\CodeIgniter.php(934): App\Controllers\Finger->get_log()
 3 SYSTEMPATH\CodeIgniter.php(499): CodeIgniter\CodeIgniter->runController(Object(App\Controllers\Finger))
 4 SYSTEMPATH\CodeIgniter.php(368): CodeIgniter\CodeIgniter->handleRequest(null, Object(Config\Cache), false)
 5 FCPATH\index.php(67): CodeIgniter\CodeIgniter->run()
INFO - 2023-07-14 03:42:22 --> CSRF token verified.
WARNING - 2023-07-14 03:42:22 --> [DEPRECATED] strpos(): Passing null to parameter #1 ($haystack) of type string is deprecated in ROOTPATH\soap\lib\TADResponse.php on line 367.
 1 ROOTPATH\soap\lib\TADResponse.php(367): strpos(null, '?>')
 2 ROOTPATH\soap\lib\TADResponse.php(67): TADPHP\TADResponse->extract_xml_header(null)
 3 ROOTPATH\soap\lib\Providers\TADSoap.php(112): TADPHP\TADResponse->__construct(null, 'iso8859-1')
 4 ROOTPATH\soap\lib\TAD.php(297): TADPHP\Providers\TADSoap->execute_soap_command('get_att_log', [...], 'iso8859-1')
 5 ROOTPATH\soap\lib\TAD.php(276): TADPHP\TAD->execute_command_via_tad_soap('get_att_log', [])
 6 APPPATH\Controllers\Finger.php(83): TADPHP\TAD->__call('get_att_log', [])
 7 SYSTEMPATH\CodeIgniter.php(934): App\Controllers\Finger->get_log()
 8 SYSTEMPATH\CodeIgniter.php(499): CodeIgniter\CodeIgniter->runController(Object(App\Controllers\Finger))
 9 SYSTEMPATH\CodeIgniter.php(368): CodeIgniter\CodeIgniter->handleRequest(null, Object(Config\Cache), false)
10 FCPATH\index.php(67): CodeIgniter\CodeIgniter->run()
WARNING - 2023-07-14 03:42:22 --> [DEPRECATED] str_replace(): Passing null to parameter #3 ($subject) of type array|string is deprecated in ROOTPATH\soap\lib\TADResponse.php on line 405.
 1 ROOTPATH\soap\lib\TADResponse.php(405): str_replace([...], 'ROOTPATH\\public', null)
 2 ROOTPATH\soap\lib\TADResponse.php(374): TADPHP\TADResponse->sanitize_xml_string(null)
 3 ROOTPATH\soap\lib\TADResponse.php(67): TADPHP\TADResponse->extract_xml_header(null)
 4 ROOTPATH\soap\lib\Providers\TADSoap.php(112): TADPHP\TADResponse->__construct(null, 'iso8859-1')
 5 ROOTPATH\soap\lib\TAD.php(297): TADPHP\Providers\TADSoap->execute_soap_command('get_att_log', [...], 'iso8859-1')
 6 ROOTPATH\soap\lib\TAD.php(276): TADPHP\TAD->execute_command_via_tad_soap('get_att_log', [])
 7 APPPATH\Controllers\Finger.php(83): TADPHP\TAD->__call('get_att_log', [])
 8 SYSTEMPATH\CodeIgniter.php(934): App\Controllers\Finger->get_log()
 9 SYSTEMPATH\CodeIgniter.php(499): CodeIgniter\CodeIgniter->runController(Object(App\Controllers\Finger))
10 SYSTEMPATH\CodeIgniter.php(368): CodeIgniter\CodeIgniter->handleRequest(null, Object(Config\Cache), false)
11 FCPATH\index.php(67): CodeIgniter\CodeIgniter->run()
CRITICAL - 2023-07-14 03:42:22 --> Undefined array key "Row"
in APPPATH\Controllers\Finger.php on line 93.
 1 APPPATH\Controllers\Finger.php(93): CodeIgniter\Debug\Exceptions->errorHandler(2, 'Undefined array key "Row"', 'APPPATH\\Controllers\\Finger.php', 93)
 2 SYSTEMPATH\CodeIgniter.php(934): App\Controllers\Finger->get_log()
 3 SYSTEMPATH\CodeIgniter.php(499): CodeIgniter\CodeIgniter->runController(Object(App\Controllers\Finger))
 4 SYSTEMPATH\CodeIgniter.php(368): CodeIgniter\CodeIgniter->handleRequest(null, Object(Config\Cache), false)
 5 FCPATH\index.php(67): CodeIgniter\CodeIgniter->run()
INFO - 2023-07-14 03:45:40 --> CSRF token verified.
WARNING - 2023-07-14 03:45:41 --> [DEPRECATED] strpos(): Passing null to parameter #1 ($haystack) of type string is deprecated in ROOTPATH\soap\lib\TADResponse.php on line 367.
 1 ROOTPATH\soap\lib\TADResponse.php(367): strpos(null, '?>')
 2 ROOTPATH\soap\lib\TADResponse.php(67): TADPHP\TADResponse->extract_xml_header(null)
 3 ROOTPATH\soap\lib\Providers\TADSoap.php(112): TADPHP\TADResponse->__construct(null, 'iso8859-1')
 4 ROOTPATH\soap\lib\TAD.php(297): TADPHP\Providers\TADSoap->execute_soap_command('get_att_log', [...], 'iso8859-1')
 5 ROOTPATH\soap\lib\TAD.php(276): TADPHP\TAD->execute_command_via_tad_soap('get_att_log', [])
 6 APPPATH\Controllers\Finger.php(83): TADPHP\TAD->__call('get_att_log', [])
 7 SYSTEMPATH\CodeIgniter.php(934): App\Controllers\Finger->get_log()
 8 SYSTEMPATH\CodeIgniter.php(499): CodeIgniter\CodeIgniter->runController(Object(App\Controllers\Finger))
 9 SYSTEMPATH\CodeIgniter.php(368): CodeIgniter\CodeIgniter->handleRequest(null, Object(Config\Cache), false)
10 FCPATH\index.php(67): CodeIgniter\CodeIgniter->run()
WARNING - 2023-07-14 03:45:41 --> [DEPRECATED] str_replace(): Passing null to parameter #3 ($subject) of type array|string is deprecated in ROOTPATH\soap\lib\TADResponse.php on line 405.
 1 ROOTPATH\soap\lib\TADResponse.php(405): str_replace([...], 'ROOTPATH\\public', null)
 2 ROOTPATH\soap\lib\TADResponse.php(374): TADPHP\TADResponse->sanitize_xml_string(null)
 3 ROOTPATH\soap\lib\TADResponse.php(67): TADPHP\TADResponse->extract_xml_header(null)
 4 ROOTPATH\soap\lib\Providers\TADSoap.php(112): TADPHP\TADResponse->__construct(null, 'iso8859-1')
 5 ROOTPATH\soap\lib\TAD.php(297): TADPHP\Providers\TADSoap->execute_soap_command('get_att_log', [...], 'iso8859-1')
 6 ROOTPATH\soap\lib\TAD.php(276): TADPHP\TAD->execute_command_via_tad_soap('get_att_log', [])
 7 APPPATH\Controllers\Finger.php(83): TADPHP\TAD->__call('get_att_log', [])
 8 SYSTEMPATH\CodeIgniter.php(934): App\Controllers\Finger->get_log()
 9 SYSTEMPATH\CodeIgniter.php(499): CodeIgniter\CodeIgniter->runController(Object(App\Controllers\Finger))
10 SYSTEMPATH\CodeIgniter.php(368): CodeIgniter\CodeIgniter->handleRequest(null, Object(Config\Cache), false)
11 FCPATH\index.php(67): CodeIgniter\CodeIgniter->run()
CRITICAL - 2023-07-14 03:45:41 --> Undefined array key "Row"
in APPPATH\Controllers\Finger.php on line 93.
 1 APPPATH\Controllers\Finger.php(93): CodeIgniter\Debug\Exceptions->errorHandler(2, 'Undefined array key "Row"', 'APPPATH\\Controllers\\Finger.php', 93)
 2 SYSTEMPATH\CodeIgniter.php(934): App\Controllers\Finger->get_log()
 3 SYSTEMPATH\CodeIgniter.php(499): CodeIgniter\CodeIgniter->runController(Object(App\Controllers\Finger))
 4 SYSTEMPATH\CodeIgniter.php(368): CodeIgniter\CodeIgniter->handleRequest(null, Object(Config\Cache), false)
 5 FCPATH\index.php(67): CodeIgniter\CodeIgniter->run()
INFO - 2023-07-14 03:46:07 --> CSRF token verified.
WARNING - 2023-07-14 03:46:07 --> [DEPRECATED] strpos(): Passing null to parameter #1 ($haystack) of type string is deprecated in ROOTPATH\soap\lib\TADResponse.php on line 367.
 1 ROOTPATH\soap\lib\TADResponse.php(367): strpos(null, '?>')
 2 ROOTPATH\soap\lib\TADResponse.php(67): TADPHP\TADResponse->extract_xml_header(null)
 3 ROOTPATH\soap\lib\Providers\TADSoap.php(112): TADPHP\TADResponse->__construct(null, 'iso8859-1')
 4 ROOTPATH\soap\lib\TAD.php(297): TADPHP\Providers\TADSoap->execute_soap_command('get_att_log', [...], 'iso8859-1')
 5 ROOTPATH\soap\lib\TAD.php(276): TADPHP\TAD->execute_command_via_tad_soap('get_att_log', [])
 6 APPPATH\Controllers\Finger.php(83): TADPHP\TAD->__call('get_att_log', [])
 7 SYSTEMPATH\CodeIgniter.php(934): App\Controllers\Finger->get_log()
 8 SYSTEMPATH\CodeIgniter.php(499): CodeIgniter\CodeIgniter->runController(Object(App\Controllers\Finger))
 9 SYSTEMPATH\CodeIgniter.php(368): CodeIgniter\CodeIgniter->handleRequest(null, Object(Config\Cache), false)
10 FCPATH\index.php(67): CodeIgniter\CodeIgniter->run()
WARNING - 2023-07-14 03:46:07 --> [DEPRECATED] str_replace(): Passing null to parameter #3 ($subject) of type array|string is deprecated in ROOTPATH\soap\lib\TADResponse.php on line 405.
 1 ROOTPATH\soap\lib\TADResponse.php(405): str_replace([...], 'ROOTPATH\\public', null)
 2 ROOTPATH\soap\lib\TADResponse.php(374): TADPHP\TADResponse->sanitize_xml_string(null)
 3 ROOTPATH\soap\lib\TADResponse.php(67): TADPHP\TADResponse->extract_xml_header(null)
 4 ROOTPATH\soap\lib\Providers\TADSoap.php(112): TADPHP\TADResponse->__construct(null, 'iso8859-1')
 5 ROOTPATH\soap\lib\TAD.php(297): TADPHP\Providers\TADSoap->execute_soap_command('get_att_log', [...], 'iso8859-1')
 6 ROOTPATH\soap\lib\TAD.php(276): TADPHP\TAD->execute_command_via_tad_soap('get_att_log', [])
 7 APPPATH\Controllers\Finger.php(83): TADPHP\TAD->__call('get_att_log', [])
 8 SYSTEMPATH\CodeIgniter.php(934): App\Controllers\Finger->get_log()
 9 SYSTEMPATH\CodeIgniter.php(499): CodeIgniter\CodeIgniter->runController(Object(App\Controllers\Finger))
10 SYSTEMPATH\CodeIgniter.php(368): CodeIgniter\CodeIgniter->handleRequest(null, Object(Config\Cache), false)
11 FCPATH\index.php(67): CodeIgniter\CodeIgniter->run()
CRITICAL - 2023-07-14 03:46:07 --> Undefined array key "Row"
in APPPATH\Controllers\Finger.php on line 93.
 1 APPPATH\Controllers\Finger.php(93): CodeIgniter\Debug\Exceptions->errorHandler(2, 'Undefined array key "Row"', 'APPPATH\\Controllers\\Finger.php', 93)
 2 SYSTEMPATH\CodeIgniter.php(934): App\Controllers\Finger->get_log()
 3 SYSTEMPATH\CodeIgniter.php(499): CodeIgniter\CodeIgniter->runController(Object(App\Controllers\Finger))
 4 SYSTEMPATH\CodeIgniter.php(368): CodeIgniter\CodeIgniter->handleRequest(null, Object(Config\Cache), false)
 5 FCPATH\index.php(67): CodeIgniter\CodeIgniter->run()
